
Loading checkpoint shards:   0%|          | 0/3 [00:00<?, ?it/s]
Loading checkpoint shards:  33%|███▎      | 1/3 [00:00<00:01,  1.89it/s]
Loading checkpoint shards:  67%|██████▋   | 2/3 [00:01<00:00,  1.65it/s]
Loading checkpoint shards: 100%|██████████| 3/3 [00:01<00:00,  1.68it/s]
Loading checkpoint shards: 100%|██████████| 3/3 [00:01<00:00,  1.69it/s]

The attention mask is not set and cannot be inferred from input because pad token is same as eos token. As a consequence, you may observe unexpected behavior. Please pass your input's `attention_mask` to obtain reliable results.
######################## Iter: 1/1 #######################
Target Indices
[2, 18, 19, 20, 22, 61, 62, 86, 92, 98, 99, 23, 65, 27, 55, 49, 60, 71, 15, 75]
############# Target Question: 3 #############
Question: when did the us cut off trade with cuba

[Step 0] Loss: 3.8625, Contribution Variance: 38.503769

[Step 1] Loss: 3.1225, Contribution Variance: 30.168386

[Step 2] Loss: 3.0312, Contribution Variance: 29.685978

[Step 3] Loss: 2.8737, Contribution Variance: 28.002314

[Step 4] Loss: 2.7777, Contribution Variance: 27.042252

[Step 5] Loss: 2.7641, Contribution Variance: 26.945358

[Step 6] Loss: 2.6889, Contribution Variance: 26.144802

[Step 7] Loss: 2.4160, Contribution Variance: 23.766701

[Step 8] Loss: 2.4108, Contribution Variance: 23.752941

[Step 9] Loss: 2.3901, Contribution Variance: 23.180662

[Step 10] Loss: 2.3817, Contribution Variance: 23.305229

[Step 11] Loss: 2.3498, Contribution Variance: 22.503172

[Step 12] Loss: 2.3390, Contribution Variance: 22.551317

[Step 13] Loss: 2.3406, Contribution Variance: 22.424412

[Step 14] Loss: 2.3175, Contribution Variance: 22.410686

[Step 15] Loss: 2.3172, Contribution Variance: 22.637943

[Step 16] Loss: 2.3098, Contribution Variance: 22.485126

[Step 17] Loss: 2.2795, Contribution Variance: 21.999460

[Step 18] Loss: 2.2808, Contribution Variance: 22.130466

[Step 19] Loss: 2.2793, Contribution Variance: 22.118792

[Step 20] Loss: 2.2829, Contribution Variance: 22.100891

[Step 21] Loss: 2.2792, Contribution Variance: 22.212124

[Step 22] Loss: 2.2665, Contribution Variance: 21.920265

[Step 23] Loss: 2.2536, Contribution Variance: 21.924809

[Step 24] Loss: 2.2145, Contribution Variance: 21.668659

[Step 25] Loss: 2.1920, Contribution Variance: 21.324736

Optimization Finished
Time taken: 10047.9851 seconds
Best Loss 2.178879499435425
############# Target Question: 19 #############
Question: who turned out to be the mother on how i met your mother

[Step 0] Loss: 5.4030, Contribution Variance: 53.921715

[Step 1] Loss: 5.1382, Contribution Variance: 51.320679

[Step 2] Loss: 4.2722, Contribution Variance: 42.496346

[Step 3] Loss: 4.2322, Contribution Variance: 42.214497

[Step 4] Loss: 4.0902, Contribution Variance: 40.738800

[Step 5] Loss: 3.8758, Contribution Variance: 38.492409

[Step 6] Loss: 3.6206, Contribution Variance: 35.989723

[Step 7] Loss: 3.4969, Contribution Variance: 34.742069

[Step 8] Loss: 3.3839, Contribution Variance: 33.668045

[Step 9] Loss: 3.2507, Contribution Variance: 31.705875

[Step 10] Loss: 3.2416, Contribution Variance: 31.579935

[Step 11] Loss: 3.1662, Contribution Variance: 31.212057

[Step 12] Loss: 3.1106, Contribution Variance: 30.597132

[Step 13] Loss: 3.0754, Contribution Variance: 29.582056

[Step 14] Loss: 3.0245, Contribution Variance: 28.941126

[Step 15] Loss: 2.9824, Contribution Variance: 28.785013

[Step 16] Loss: 2.9300, Contribution Variance: 28.863659

[Step 17] Loss: 2.8884, Contribution Variance: 28.601711

[Step 18] Loss: 2.7595, Contribution Variance: 27.164865

[Step 19] Loss: 2.7052, Contribution Variance: 26.052420

[Step 20] Loss: 2.5713, Contribution Variance: 25.006268

[Step 21] Loss: 2.4956, Contribution Variance: 24.045326

[Step 22] Loss: 2.4562, Contribution Variance: 23.829456

[Step 23] Loss: 2.4713, Contribution Variance: 23.965120

[Step 24] Loss: 2.4897, Contribution Variance: 23.246063

[Step 25] Loss: 2.4406, Contribution Variance: 22.829977

[Step 26] Loss: 2.4726, Contribution Variance: 23.255199

[Step 27] Loss: 2.3491, Contribution Variance: 22.780165

[Step 28] Loss: 2.3666, Contribution Variance: 22.838078

[Step 29] Loss: 2.3680, Contribution Variance: 23.172552

[Step 30] Loss: 2.3509, Contribution Variance: 23.094934

[Step 31] Loss: 2.3530, Contribution Variance: 23.356709

[Step 32] Loss: 2.3058, Contribution Variance: 22.813236

[Step 33] Loss: 2.2928, Contribution Variance: 22.493877

[Step 34] Loss: 2.2802, Contribution Variance: 22.468924

[Step 35] Loss: 2.2399, Contribution Variance: 22.109459

[Step 36] Loss: 2.2488, Contribution Variance: 22.152409

[Step 37] Loss: 2.2470, Contribution Variance: 22.072010

[Step 38] Loss: 2.2834, Contribution Variance: 22.217573

[Step 39] Loss: 2.3242, Contribution Variance: 21.909359

[Step 40] Loss: 2.2784, Contribution Variance: 22.214504

[Step 41] Loss: 2.2784, Contribution Variance: 22.214504

[Step 42] Loss: 2.2919, Contribution Variance: 22.307882

[Step 43] Loss: 2.2862, Contribution Variance: 22.366825

[Step 44] Loss: 2.2779, Contribution Variance: 22.146420

[Step 45] Loss: 2.2880, Contribution Variance: 22.282202

[Step 46] Loss: 2.3016, Contribution Variance: 22.718681

[Step 47] Loss: 2.2833, Contribution Variance: 22.234360

[Step 48] Loss: 2.2669, Contribution Variance: 21.868284

[Step 49] Loss: 2.2440, Contribution Variance: 21.858982

[Step 50] Loss: 2.2440, Contribution Variance: 21.858982

[Step 51] Loss: 2.2111, Contribution Variance: 21.617126

[Step 52] Loss: 2.2331, Contribution Variance: 21.790205

Optimization Finished
Time taken: 17755.5642 seconds
Best Loss 2.1774938106536865
############# Target Question: 20 #############
Question: how much money did the film titanic make

[Step 0] Loss: 7.3855, Contribution Variance: 27.047619

[Step 1] Loss: 7.1626, Contribution Variance: 25.871643

[Step 2] Loss: 6.0397, Contribution Variance: 50.939468

[Step 3] Loss: 5.7781, Contribution Variance: 48.403595

[Step 4] Loss: 5.7571, Contribution Variance: 48.323727

[Step 5] Loss: 5.4764, Contribution Variance: 45.758110

[Step 6] Loss: 5.0786, Contribution Variance: 43.505493

[Step 7] Loss: 5.0538, Contribution Variance: 43.271534

[Step 8] Loss: 5.0511, Contribution Variance: 43.165615

[Step 9] Loss: 4.8580, Contribution Variance: 40.345829

[Step 10] Loss: 4.7001, Contribution Variance: 38.801884

[Step 11] Loss: 4.4886, Contribution Variance: 37.245087

[Step 12] Loss: 4.1626, Contribution Variance: 35.013191

[Step 13] Loss: 4.0345, Contribution Variance: 33.918907

[Step 14] Loss: 3.9505, Contribution Variance: 32.934704

[Step 15] Loss: 3.7812, Contribution Variance: 31.037888

[Step 16] Loss: 3.7332, Contribution Variance: 30.729969

[Step 17] Loss: 3.6704, Contribution Variance: 30.589054

[Step 18] Loss: 3.6052, Contribution Variance: 29.367926

[Step 19] Loss: 3.5722, Contribution Variance: 29.693888

[Step 20] Loss: 3.5166, Contribution Variance: 29.230900

[Step 21] Loss: 3.4518, Contribution Variance: 28.004868

[Step 22] Loss: 3.3658, Contribution Variance: 27.190918

[Step 23] Loss: 3.3208, Contribution Variance: 26.714756

[Step 24] Loss: 3.2844, Contribution Variance: 26.691723

[Step 25] Loss: 3.2183, Contribution Variance: 25.982655

[Step 26] Loss: 3.1667, Contribution Variance: 26.296301

[Step 27] Loss: 3.1244, Contribution Variance: 25.699072

Optimization Finished
Time taken: 10532.7770 seconds
Best Loss 2.8435144424438477
############# Target Question: 21 #############
Question: who wrote the country song i can only imagine

[Step 0] Loss: 9.1946, Contribution Variance: 91.384117

[Step 1] Loss: 4.5861, Contribution Variance: 45.065952

[Step 2] Loss: 3.9349, Contribution Variance: 38.363087

[Step 3] Loss: 3.5849, Contribution Variance: 33.904358

[Step 4] Loss: 3.3770, Contribution Variance: 31.610691

[Step 5] Loss: 3.3147, Contribution Variance: 31.695301

[Step 6] Loss: 3.1816, Contribution Variance: 30.045353

[Step 7] Loss: 3.1096, Contribution Variance: 28.933456

[Step 8] Loss: 2.9842, Contribution Variance: 27.455688

[Step 9] Loss: 2.8622, Contribution Variance: 27.019718

[Step 10] Loss: 2.8418, Contribution Variance: 26.742243

[Step 11] Loss: 2.8056, Contribution Variance: 26.789804

[Step 12] Loss: 2.7288, Contribution Variance: 25.726009

[Step 13] Loss: 2.5731, Contribution Variance: 24.656546

[Step 14] Loss: 2.5386, Contribution Variance: 24.155979

[Step 15] Loss: 2.3950, Contribution Variance: 23.201229

[Step 16] Loss: 2.3807, Contribution Variance: 22.938250

[Step 17] Loss: 2.3331, Contribution Variance: 22.766649

[Step 18] Loss: 2.3115, Contribution Variance: 22.549398

[Step 19] Loss: 2.2908, Contribution Variance: 22.342686

[Step 20] Loss: 2.2632, Contribution Variance: 21.726124

Optimization Finished
Time taken: 7697.9604 seconds
Best Loss 2.2004075050354004
############# Target Question: 23 #############
Question: who had the best strike rate among batsmen who scored over 200 runs in the world cup

[Step 0] Loss: 6.6043, Contribution Variance: 66.040192

[Step 1] Loss: 5.5814, Contribution Variance: 55.804596

[Step 2] Loss: 5.3161, Contribution Variance: 53.150898

[Step 3] Loss: 5.0674, Contribution Variance: 50.660324

[Step 4] Loss: 4.9291, Contribution Variance: 49.278217

[Step 5] Loss: 4.6303, Contribution Variance: 46.278748

[Step 6] Loss: 4.2805, Contribution Variance: 42.782215

[Step 7] Loss: 4.1398, Contribution Variance: 41.381790

[Step 8] Loss: 4.0512, Contribution Variance: 40.479652

[Step 9] Loss: 3.8901, Contribution Variance: 38.866947

[Step 10] Loss: 3.7675, Contribution Variance: 37.624271

[Step 11] Loss: 3.7071, Contribution Variance: 37.021538

[Step 12] Loss: 3.6314, Contribution Variance: 36.176918

[Step 13] Loss: 3.5731, Contribution Variance: 35.643429

[Step 14] Loss: 3.5035, Contribution Variance: 34.841625

[Step 15] Loss: 3.4369, Contribution Variance: 34.341621

[Step 16] Loss: 2.9145, Contribution Variance: 28.479986

[Step 17] Loss: 2.8025, Contribution Variance: 27.411642

[Step 18] Loss: 2.7373, Contribution Variance: 26.605612

[Step 19] Loss: 2.6551, Contribution Variance: 25.418840

[Step 20] Loss: 2.5410, Contribution Variance: 23.068832

[Step 21] Loss: 2.4393, Contribution Variance: 22.751537

[Step 22] Loss: 2.3773, Contribution Variance: 22.493935

[Step 23] Loss: 2.3171, Contribution Variance: 22.114883

[Step 24] Loss: 2.2797, Contribution Variance: 22.088785

[Step 25] Loss: 2.2111, Contribution Variance: 21.947575

[Step 26] Loss: 2.1796, Contribution Variance: 21.650320

[Step 27] Loss: 2.1490, Contribution Variance: 21.318123

Optimization Finished
Time taken: 11503.6025 seconds
Best Loss 2.100341558456421
############# Target Question: 62 #############
Question: when did skiing halfpipe become an olympic event

[Step 0] Loss: 16.8164, Contribution Variance: 168.164261

[Step 1] Loss: 4.2154, Contribution Variance: 42.154091

[Step 2] Loss: 3.1801, Contribution Variance: 31.800705

[Step 3] Loss: 2.4045, Contribution Variance: 23.819965

Optimization Finished
Time taken: 1209.7712 seconds
Best Loss 2.0919108390808105
############# Target Question: 63 #############
Question: state with highest population growth rate in india 2011

Optimization Finished
Time taken: 391.6635 seconds
Best Loss 1.832341194152832
############# Target Question: 87 #############
Question: when do dwight and angela start dating again

[Step 0] Loss: 11.9458, Contribution Variance: 28.362820

[Step 1] Loss: 11.5103, Contribution Variance: 28.884562

Optimization Finished
Time taken: 1043.7160 seconds
Best Loss 10.774616241455078
############# Target Question: 93 #############
Question: which supreme court judge has surved in international court of justice

[Step 0] Loss: 11.0198, Contribution Variance: 108.811890

[Step 1] Loss: 10.8667, Contribution Variance: 107.543869

[Step 2] Loss: 10.2987, Contribution Variance: 102.067238

[Step 3] Loss: 10.0936, Contribution Variance: 99.761925

[Step 4] Loss: 9.8264, Contribution Variance: 96.980606

[Step 5] Loss: 9.5480, Contribution Variance: 94.181831

[Step 6] Loss: 8.9570, Contribution Variance: 88.193161

[Step 7] Loss: 8.1270, Contribution Variance: 80.341721

[Step 8] Loss: 7.7930, Contribution Variance: 77.171875

[Step 9] Loss: 7.4501, Contribution Variance: 73.377579

[Step 10] Loss: 7.1531, Contribution Variance: 70.130447

[Step 11] Loss: 6.8532, Contribution Variance: 67.313889

[Step 12] Loss: 6.6531, Contribution Variance: 64.995010

[Step 13] Loss: 6.5216, Contribution Variance: 63.398731

[Step 14] Loss: 6.3605, Contribution Variance: 61.883324

[Step 15] Loss: 6.2338, Contribution Variance: 60.645050

[Step 16] Loss: 6.2844, Contribution Variance: 61.170250

[Step 17] Loss: 6.1699, Contribution Variance: 60.210316

[Step 18] Loss: 6.0693, Contribution Variance: 59.144520

[Step 19] Loss: 5.9961, Contribution Variance: 58.774879

[Step 20] Loss: 5.8462, Contribution Variance: 56.968433

[Step 21] Loss: 5.8046, Contribution Variance: 57.039192

[Step 22] Loss: 5.6536, Contribution Variance: 55.181507

[Step 23] Loss: 5.6394, Contribution Variance: 55.058510

[Step 24] Loss: 5.5636, Contribution Variance: 54.222645

[Step 25] Loss: 5.4899, Contribution Variance: 53.624920

[Step 26] Loss: 5.4125, Contribution Variance: 52.861523

[Step 27] Loss: 5.3968, Contribution Variance: 52.955162

[Step 28] Loss: 5.3388, Contribution Variance: 51.796448

[Step 29] Loss: 5.1808, Contribution Variance: 50.452675

[Step 30] Loss: 5.1588, Contribution Variance: 50.125359

[Step 31] Loss: 5.0633, Contribution Variance: 49.331280

[Step 32] Loss: 5.0131, Contribution Variance: 48.777775

[Step 33] Loss: 4.9983, Contribution Variance: 48.833004

[Step 34] Loss: 4.9597, Contribution Variance: 48.471275

[Step 35] Loss: 4.8619, Contribution Variance: 47.437775

[Step 36] Loss: 4.2045, Contribution Variance: 40.804329

[Step 37] Loss: 3.6372, Contribution Variance: 35.545654

[Step 38] Loss: 3.5882, Contribution Variance: 35.075661

[Step 39] Loss: 3.5698, Contribution Variance: 34.922596

[Step 40] Loss: 3.3752, Contribution Variance: 33.060390

[Step 41] Loss: 3.3457, Contribution Variance: 32.936676

[Step 42] Loss: 3.3479, Contribution Variance: 33.094463

[Step 43] Loss: 3.3137, Contribution Variance: 32.684425

[Step 44] Loss: 3.2891, Contribution Variance: 32.346050

[Step 45] Loss: 3.2664, Contribution Variance: 32.102619

[Step 46] Loss: 3.2501, Contribution Variance: 32.029716

[Step 47] Loss: 3.2083, Contribution Variance: 31.822973

[Step 48] Loss: 3.2004, Contribution Variance: 31.672190

[Step 49] Loss: 3.1685, Contribution Variance: 31.411488

[Step 50] Loss: 3.1552, Contribution Variance: 31.271210

[Step 51] Loss: 3.1335, Contribution Variance: 30.930557

[Step 52] Loss: 3.0972, Contribution Variance: 30.687031

[Step 53] Loss: 3.0888, Contribution Variance: 30.580479

[Step 54] Loss: 3.0830, Contribution Variance: 30.524878

[Step 55] Loss: 3.0673, Contribution Variance: 30.420792

[Step 56] Loss: 3.0555, Contribution Variance: 30.276554

[Step 57] Loss: 3.0404, Contribution Variance: 30.126471

[Step 58] Loss: 3.0242, Contribution Variance: 30.049994

[Step 59] Loss: 3.0126, Contribution Variance: 29.954077

[Step 60] Loss: 3.0054, Contribution Variance: 29.858679

[Step 61] Loss: 2.9931, Contribution Variance: 29.566717

[Step 62] Loss: 2.9888, Contribution Variance: 29.501110

[Step 63] Loss: 2.9820, Contribution Variance: 29.417179

[Step 64] Loss: 2.9699, Contribution Variance: 29.319235

[Step 65] Loss: 2.9622, Contribution Variance: 29.288425

[Step 66] Loss: 2.9603, Contribution Variance: 29.352255

[Step 67] Loss: 2.9548, Contribution Variance: 29.303122

[Step 68] Loss: 2.9547, Contribution Variance: 29.318945

[Step 69] Loss: 2.9538, Contribution Variance: 29.302105

[Step 70] Loss: 2.9340, Contribution Variance: 29.105240

[Step 71] Loss: 2.9268, Contribution Variance: 29.016132

[Step 72] Loss: 2.9188, Contribution Variance: 28.979202

[Step 73] Loss: 2.9062, Contribution Variance: 28.824692

[Step 74] Loss: 2.9008, Contribution Variance: 28.839127

[Step 75] Loss: 2.8909, Contribution Variance: 28.731735

[Step 76] Loss: 2.8874, Contribution Variance: 28.708424

[Step 77] Loss: 2.8682, Contribution Variance: 28.474451

[Step 78] Loss: 2.8641, Contribution Variance: 28.481730

[Step 79] Loss: 2.8674, Contribution Variance: 28.501617

[Step 80] Loss: 2.8629, Contribution Variance: 28.376093

[Step 81] Loss: 2.8397, Contribution Variance: 28.154285

[Step 82] Loss: 2.8347, Contribution Variance: 28.105663

[Step 83] Loss: 2.8124, Contribution Variance: 27.811245

[Step 84] Loss: 2.7978, Contribution Variance: 27.604532

[Step 85] Loss: 2.7868, Contribution Variance: 27.506535

[Step 86] Loss: 2.7808, Contribution Variance: 27.445210

[Step 87] Loss: 2.7770, Contribution Variance: 27.452204

[Step 88] Loss: 2.7700, Contribution Variance: 27.387232

[Step 89] Loss: 2.7693, Contribution Variance: 27.361750

[Step 90] Loss: 2.7622, Contribution Variance: 27.274557

[Step 91] Loss: 2.7566, Contribution Variance: 27.240030

[Step 92] Loss: 2.7494, Contribution Variance: 27.088837

[Step 93] Loss: 2.7413, Contribution Variance: 27.044376

[Step 94] Loss: 2.7394, Contribution Variance: 27.023453

[Step 95] Loss: 2.7398, Contribution Variance: 27.059534

[Step 96] Loss: 2.7387, Contribution Variance: 26.989264

[Step 97] Loss: 2.7364, Contribution Variance: 26.997890

[Step 98] Loss: 2.7382, Contribution Variance: 27.084589

[Step 99] Loss: 2.7272, Contribution Variance: 26.975103

Optimization Finished
Time taken: 38008.0324 seconds
Best Loss 2.7272274494171143
############# Target Question: 99 #############
Question: hyori bed and breakfast season 2 air date

[Step 0] Loss: 6.9206, Contribution Variance: 68.459167

[Step 1] Loss: 6.6941, Contribution Variance: 66.259598

[Step 2] Loss: 6.6038, Contribution Variance: 65.393349

[Step 3] Loss: 6.4666, Contribution Variance: 64.087769

[Step 4] Loss: 6.4071, Contribution Variance: 63.522026

[Step 5] Loss: 6.3264, Contribution Variance: 62.693756

[Step 6] Loss: 6.2358, Contribution Variance: 61.699726

[Step 7] Loss: 6.1705, Contribution Variance: 61.080425

[Step 8] Loss: 6.0063, Contribution Variance: 59.461994

[Step 9] Loss: 5.9097, Contribution Variance: 58.463520

[Step 10] Loss: 5.5472, Contribution Variance: 54.869194

[Step 11] Loss: 5.3582, Contribution Variance: 53.029430

[Step 12] Loss: 5.2094, Contribution Variance: 51.299122

[Step 13] Loss: 5.1552, Contribution Variance: 50.806019

[Step 14] Loss: 5.0542, Contribution Variance: 49.771461

[Step 15] Loss: 5.0034, Contribution Variance: 49.648167

[Step 16] Loss: 4.9489, Contribution Variance: 49.105583

[Step 17] Loss: 4.9066, Contribution Variance: 48.649624

[Step 18] Loss: 4.8789, Contribution Variance: 48.339119

[Step 19] Loss: 4.8527, Contribution Variance: 48.168068

[Step 20] Loss: 4.8071, Contribution Variance: 47.625774

[Step 21] Loss: 4.7402, Contribution Variance: 46.949047

[Step 22] Loss: 4.7161, Contribution Variance: 46.728470

[Step 23] Loss: 4.6867, Contribution Variance: 46.389412

[Step 24] Loss: 4.6346, Contribution Variance: 45.944221

[Step 25] Loss: 4.6210, Contribution Variance: 45.753700

[Step 26] Loss: 4.5878, Contribution Variance: 45.214317

[Step 27] Loss: 4.5788, Contribution Variance: 45.179527

[Step 28] Loss: 4.5489, Contribution Variance: 44.768410

[Step 29] Loss: 4.5119, Contribution Variance: 44.456085

[Step 30] Loss: 4.4912, Contribution Variance: 44.183266

[Step 31] Loss: 4.4501, Contribution Variance: 43.831322

[Step 32] Loss: 4.4120, Contribution Variance: 43.554394

[Step 33] Loss: 4.3791, Contribution Variance: 43.039753

[Step 34] Loss: 4.3420, Contribution Variance: 43.201416

[Step 35] Loss: 4.2569, Contribution Variance: 41.910145

[Step 36] Loss: 4.1642, Contribution Variance: 41.121666

[Step 37] Loss: 4.1321, Contribution Variance: 40.753571

[Step 38] Loss: 4.1109, Contribution Variance: 40.583321

[Step 39] Loss: 4.0774, Contribution Variance: 40.340641

[Step 40] Loss: 3.8241, Contribution Variance: 37.601025

[Step 41] Loss: 3.7632, Contribution Variance: 37.098194

[Step 42] Loss: 3.7320, Contribution Variance: 36.893379

[Step 43] Loss: 3.7086, Contribution Variance: 36.421700

[Step 44] Loss: 3.6683, Contribution Variance: 35.951393

[Step 45] Loss: 3.6450, Contribution Variance: 35.989941

[Step 46] Loss: 3.6147, Contribution Variance: 35.703545

[Step 47] Loss: 3.5996, Contribution Variance: 35.557976

[Step 48] Loss: 3.3903, Contribution Variance: 33.407097

[Step 49] Loss: 3.3017, Contribution Variance: 32.551960

[Step 50] Loss: 3.2518, Contribution Variance: 31.800898

[Step 51] Loss: 3.2205, Contribution Variance: 31.495108

[Step 52] Loss: 3.1864, Contribution Variance: 31.081518

[Step 53] Loss: 3.1742, Contribution Variance: 31.065109

[Step 54] Loss: 3.1645, Contribution Variance: 31.128689

[Step 55] Loss: 3.1497, Contribution Variance: 30.968098

[Step 56] Loss: 3.1278, Contribution Variance: 30.596945

[Step 57] Loss: 3.1198, Contribution Variance: 30.561436

[Step 58] Loss: 3.1127, Contribution Variance: 30.511337

[Step 59] Loss: 3.1145, Contribution Variance: 30.553188

[Step 60] Loss: 3.1052, Contribution Variance: 30.508707

[Step 61] Loss: 3.1000, Contribution Variance: 30.467539

[Step 62] Loss: 3.0959, Contribution Variance: 30.419224

[Step 63] Loss: 3.0919, Contribution Variance: 30.394857

[Step 64] Loss: 3.0869, Contribution Variance: 30.343197

[Step 65] Loss: 3.0832, Contribution Variance: 30.294046

[Step 66] Loss: 3.0793, Contribution Variance: 30.368134

[Step 67] Loss: 3.0730, Contribution Variance: 30.282969

[Step 68] Loss: 3.0666, Contribution Variance: 30.220959

[Step 69] Loss: 3.0603, Contribution Variance: 30.145426

[Step 70] Loss: 2.9808, Contribution Variance: 29.220608

[Step 71] Loss: 2.9726, Contribution Variance: 29.127768

[Step 72] Loss: 2.9503, Contribution Variance: 28.737804

[Step 73] Loss: 2.9446, Contribution Variance: 28.821640

[Step 74] Loss: 2.9377, Contribution Variance: 28.819447

[Step 75] Loss: 2.9014, Contribution Variance: 28.283539

[Step 76] Loss: 2.8938, Contribution Variance: 28.328760

[Step 77] Loss: 2.8885, Contribution Variance: 28.266117

[Step 78] Loss: 2.8662, Contribution Variance: 28.133022

[Step 79] Loss: 2.8428, Contribution Variance: 27.795166

[Step 80] Loss: 2.8375, Contribution Variance: 27.754904

[Step 81] Loss: 2.8086, Contribution Variance: 27.370132

[Step 82] Loss: 2.8054, Contribution Variance: 27.404911

[Step 83] Loss: 2.8049, Contribution Variance: 27.423365

[Step 84] Loss: 2.8018, Contribution Variance: 27.394192

[Step 85] Loss: 2.7960, Contribution Variance: 27.445353

[Step 86] Loss: 2.7957, Contribution Variance: 27.402210

[Step 87] Loss: 2.7906, Contribution Variance: 27.349173

[Step 88] Loss: 2.7884, Contribution Variance: 27.329250

[Step 89] Loss: 2.7766, Contribution Variance: 27.344906

[Step 90] Loss: 2.7784, Contribution Variance: 27.366825

[Step 91] Loss: 2.7794, Contribution Variance: 27.372080

[Step 92] Loss: 2.7549, Contribution Variance: 27.053501

[Step 93] Loss: 2.7347, Contribution Variance: 26.890072

[Step 94] Loss: 2.7149, Contribution Variance: 26.662159

[Step 95] Loss: 2.7132, Contribution Variance: 26.541260

[Step 96] Loss: 2.7030, Contribution Variance: 26.515377

[Step 97] Loss: 2.6987, Contribution Variance: 26.458431

[Step 98] Loss: 2.6978, Contribution Variance: 26.489292

[Step 99] Loss: 2.6949, Contribution Variance: 26.465881

Optimization Finished
Time taken: 41337.1194 seconds
Best Loss 2.6948580741882324
############# Target Question: 100 #############
Question: where did an independence movement occur because of the congress of vienna

[Step 0] Loss: 4.1416, Contribution Variance: 40.581215

[Step 1] Loss: 3.5619, Contribution Variance: 33.257011

[Step 2] Loss: 3.1815, Contribution Variance: 30.891632

[Step 3] Loss: 2.9711, Contribution Variance: 28.697668

[Step 4] Loss: 2.7999, Contribution Variance: 27.265844

[Step 5] Loss: 2.6914, Contribution Variance: 26.213369

[Step 6] Loss: 2.5937, Contribution Variance: 25.231085

[Step 7] Loss: 2.5134, Contribution Variance: 24.514700

[Step 8] Loss: 2.4001, Contribution Variance: 23.100695

[Step 9] Loss: 2.3406, Contribution Variance: 22.261999

[Step 10] Loss: 2.2683, Contribution Variance: 21.249561

[Step 11] Loss: 2.2122, Contribution Variance: 21.612375

[Step 12] Loss: 2.1768, Contribution Variance: 21.299261

Optimization Finished
Time taken: 4450.5724 seconds
Best Loss 2.123091697692871
############# Target Question: 24 #############
Question: in photosynthesis the carbon in co2 is initially fixed to what molecule

[Step 0] Loss: 21.7025, Contribution Variance: 74.254318

[Step 1] Loss: 20.8994, Contribution Variance: 72.361153

[Step 2] Loss: 20.0532, Contribution Variance: 74.207161

[Step 3] Loss: 19.3040, Contribution Variance: 98.320724

[Step 4] Loss: 13.9196, Contribution Variance: 137.187149

[Step 5] Loss: 13.1153, Contribution Variance: 129.256470

[Step 6] Loss: 12.2438, Contribution Variance: 121.032242

[Step 7] Loss: 11.5227, Contribution Variance: 113.681763

[Step 8] Loss: 11.0814, Contribution Variance: 109.249100

[Step 9] Loss: 10.6555, Contribution Variance: 104.516785

[Step 10] Loss: 10.3677, Contribution Variance: 102.043808

[Step 11] Loss: 9.9147, Contribution Variance: 97.328690

[Step 12] Loss: 9.6413, Contribution Variance: 94.475906

[Step 13] Loss: 9.4559, Contribution Variance: 92.520660

[Step 14] Loss: 9.1714, Contribution Variance: 89.437218

[Step 15] Loss: 9.1474, Contribution Variance: 89.263428

[Step 16] Loss: 9.1096, Contribution Variance: 89.264595

[Step 17] Loss: 8.8766, Contribution Variance: 86.745712

[Step 18] Loss: 8.7474, Contribution Variance: 85.240448

[Step 19] Loss: 8.6965, Contribution Variance: 84.581665

[Step 20] Loss: 8.6403, Contribution Variance: 84.074776

[Step 21] Loss: 8.5166, Contribution Variance: 82.733086

[Step 22] Loss: 8.5073, Contribution Variance: 82.752907

[Step 23] Loss: 8.4357, Contribution Variance: 81.896355

[Step 24] Loss: 8.4248, Contribution Variance: 82.023102

[Step 25] Loss: 8.3693, Contribution Variance: 81.309334

[Step 26] Loss: 8.2971, Contribution Variance: 81.014977

[Step 27] Loss: 7.9933, Contribution Variance: 78.567116

[Step 28] Loss: 7.5888, Contribution Variance: 73.948624

[Step 29] Loss: 7.5122, Contribution Variance: 73.068054

[Step 30] Loss: 7.4535, Contribution Variance: 72.375595

[Step 31] Loss: 7.3992, Contribution Variance: 71.850655

[Step 32] Loss: 7.2499, Contribution Variance: 70.198013

[Step 33] Loss: 7.1671, Contribution Variance: 69.285141

[Step 34] Loss: 7.0966, Contribution Variance: 68.580086

[Step 35] Loss: 7.0446, Contribution Variance: 67.793190

[Step 36] Loss: 7.0438, Contribution Variance: 67.929993

[Step 37] Loss: 6.9711, Contribution Variance: 67.399399

[Step 38] Loss: 6.9330, Contribution Variance: 67.058220

[Step 39] Loss: 6.9289, Contribution Variance: 66.939232

[Step 40] Loss: 6.9148, Contribution Variance: 66.712074

[Step 41] Loss: 6.9126, Contribution Variance: 66.690384

[Step 42] Loss: 6.9108, Contribution Variance: 66.794968

[Step 43] Loss: 6.8135, Contribution Variance: 65.524498

[Step 44] Loss: 6.7852, Contribution Variance: 65.215309

[Step 45] Loss: 6.8063, Contribution Variance: 65.385406

[Step 46] Loss: 6.7488, Contribution Variance: 64.786514

[Step 47] Loss: 6.7255, Contribution Variance: 64.672966

[Step 48] Loss: 6.6935, Contribution Variance: 64.264450

[Step 49] Loss: 6.6762, Contribution Variance: 64.364136

[Step 50] Loss: 6.4996, Contribution Variance: 62.319733

[Step 51] Loss: 6.4777, Contribution Variance: 62.240288

[Step 52] Loss: 6.4461, Contribution Variance: 61.611134

[Step 53] Loss: 6.4395, Contribution Variance: 61.565723

[Step 54] Loss: 6.4074, Contribution Variance: 61.138023

[Step 55] Loss: 6.4122, Contribution Variance: 61.364796

[Step 56] Loss: 6.3603, Contribution Variance: 61.163227

[Step 57] Loss: 6.3326, Contribution Variance: 61.029919

[Step 58] Loss: 6.2630, Contribution Variance: 60.084827

[Step 59] Loss: 6.2388, Contribution Variance: 59.851433

[Step 60] Loss: 6.2271, Contribution Variance: 59.795830

[Step 61] Loss: 6.2125, Contribution Variance: 59.606194

[Step 62] Loss: 6.1761, Contribution Variance: 59.408844

[Step 63] Loss: 6.1076, Contribution Variance: 58.536713

[Step 64] Loss: 6.0973, Contribution Variance: 58.436256

[Step 65] Loss: 6.0709, Contribution Variance: 58.223137

[Step 66] Loss: 6.0325, Contribution Variance: 57.872154

[Step 67] Loss: 6.0019, Contribution Variance: 57.728752

[Step 68] Loss: 5.9234, Contribution Variance: 56.696442

[Step 69] Loss: 5.8804, Contribution Variance: 56.230011

[Step 70] Loss: 5.8681, Contribution Variance: 56.077076

[Step 71] Loss: 5.8608, Contribution Variance: 55.841209

[Step 72] Loss: 5.8199, Contribution Variance: 55.403065

[Step 73] Loss: 5.8259, Contribution Variance: 55.617077

[Step 74] Loss: 5.8126, Contribution Variance: 55.785870

[Step 75] Loss: 5.7914, Contribution Variance: 55.560810

[Step 76] Loss: 5.7704, Contribution Variance: 55.073669

[Step 77] Loss: 5.7741, Contribution Variance: 55.282158

[Step 78] Loss: 5.7644, Contribution Variance: 55.091553

[Step 79] Loss: 5.7562, Contribution Variance: 55.002289

[Step 80] Loss: 5.7473, Contribution Variance: 54.858513

[Step 81] Loss: 5.7288, Contribution Variance: 55.004723

[Step 82] Loss: 5.7373, Contribution Variance: 55.239746

[Step 83] Loss: 5.7156, Contribution Variance: 54.647461

[Step 84] Loss: 5.7155, Contribution Variance: 54.503693

[Step 85] Loss: 5.7312, Contribution Variance: 54.881794

[Step 86] Loss: 5.6931, Contribution Variance: 54.140373

[Step 87] Loss: 5.6908, Contribution Variance: 54.317375

[Step 88] Loss: 5.6743, Contribution Variance: 54.096977

[Step 89] Loss: 5.6456, Contribution Variance: 53.905468

[Step 90] Loss: 5.6132, Contribution Variance: 53.511982

[Step 91] Loss: 5.6243, Contribution Variance: 53.703136

[Step 92] Loss: 5.6027, Contribution Variance: 53.601269

[Step 93] Loss: 5.5981, Contribution Variance: 53.512383

[Step 94] Loss: 5.6054, Contribution Variance: 53.538582

[Step 95] Loss: 5.5942, Contribution Variance: 53.446571

[Step 96] Loss: 5.5979, Contribution Variance: 53.700417

[Step 97] Loss: 5.5801, Contribution Variance: 53.426765

[Step 98] Loss: 5.5685, Contribution Variance: 53.158142

[Step 99] Loss: 5.5799, Contribution Variance: 53.336174

Optimization Finished
Time taken: 27931.3269 seconds
Best Loss 5.568465709686279
############# Target Question: 66 #############
Question: what are the main functions of the stem

Optimization Finished
Time taken: 337.8865 seconds
Best Loss 15.097804069519043
############# Target Question: 28 #############
Question: when does wentworth season 6 start in australia

[Step 0] Loss: 2.7227, Contribution Variance: 27.159058

[Step 1] Loss: 2.3723, Contribution Variance: 23.345791

[Step 2] Loss: 2.3655, Contribution Variance: 23.372744

[Step 3] Loss: 2.3291, Contribution Variance: 23.150869

[Step 4] Loss: 2.3086, Contribution Variance: 22.829412

[Step 5] Loss: 2.2579, Contribution Variance: 21.699856

[Step 6] Loss: 2.2277, Contribution Variance: 22.021173

Optimization Finished
Time taken: 2862.2026 seconds
Best Loss 2.0869407653808594
############# Target Question: 56 #############
Question: vikram samvat calender is official in which country

[Step 0] Loss: 8.6334, Contribution Variance: 28.315008

[Step 1] Loss: 6.3648, Contribution Variance: 32.105309

[Step 2] Loss: 5.0723, Contribution Variance: 33.897114

[Step 3] Loss: 4.8688, Contribution Variance: 42.577133

[Step 4] Loss: 2.8047, Contribution Variance: 22.295818

[Step 5] Loss: 2.6156, Contribution Variance: 21.943251

[Step 6] Loss: 2.5161, Contribution Variance: 21.293461

Optimization Finished
Time taken: 1482.4897 seconds
Best Loss 2.336425304412842
############# Target Question: 50 #############
Question: what is the poorest county in the state of florida

Optimization Finished
Time taken: 306.2941 seconds
Best Loss 26.835311889648438
############# Target Question: 61 #############
Question: when did the bill of rights come out

Optimization Finished
Time taken: 375.8302 seconds
Best Loss 10.757399559020996
############# Target Question: 72 #############
Question: where does the band imagine dragons come from

Optimization Finished
Time taken: 333.3523 seconds
Best Loss 15.247467994689941
############# Target Question: 16 #############
Question: where is the white castle that harold and kumar go to

[Step 0] Loss: 11.9316, Contribution Variance: 41.063046

[Step 1] Loss: 4.0900, Contribution Variance: 39.768906

[Step 2] Loss: 3.8948, Contribution Variance: 38.040703

[Step 3] Loss: 3.8235, Contribution Variance: 36.930954

[Step 4] Loss: 3.7428, Contribution Variance: 35.649235

[Step 5] Loss: 3.6444, Contribution Variance: 36.310017

[Step 6] Loss: 3.4937, Contribution Variance: 34.114304

[Step 7] Loss: 3.3585, Contribution Variance: 32.550755

[Step 8] Loss: 3.2779, Contribution Variance: 31.552420

[Step 9] Loss: 3.2004, Contribution Variance: 31.232075

[Step 10] Loss: 3.0970, Contribution Variance: 29.914724

[Step 11] Loss: 3.0569, Contribution Variance: 29.724003

[Step 12] Loss: 3.0285, Contribution Variance: 29.313324

[Step 13] Loss: 2.9950, Contribution Variance: 28.771168

[Step 14] Loss: 2.9703, Contribution Variance: 28.487528

[Step 15] Loss: 2.9413, Contribution Variance: 28.069971

[Step 16] Loss: 2.9045, Contribution Variance: 27.954748

[Step 17] Loss: 2.8580, Contribution Variance: 27.444122

[Step 18] Loss: 2.8382, Contribution Variance: 27.339008

[Step 19] Loss: 2.8114, Contribution Variance: 26.804956

[Step 20] Loss: 2.7851, Contribution Variance: 26.671143

[Step 21] Loss: 2.7566, Contribution Variance: 26.560907

[Step 22] Loss: 2.7383, Contribution Variance: 26.389074

[Step 23] Loss: 2.7173, Contribution Variance: 26.216394

[Step 24] Loss: 2.6958, Contribution Variance: 26.096390

[Step 25] Loss: 2.6868, Contribution Variance: 25.997702

[Step 26] Loss: 2.6649, Contribution Variance: 25.728039

[Step 27] Loss: 2.6471, Contribution Variance: 25.428326

[Step 28] Loss: 2.6419, Contribution Variance: 25.350258

[Step 29] Loss: 2.6276, Contribution Variance: 25.438944

[Step 30] Loss: 2.5974, Contribution Variance: 24.893381

[Step 31] Loss: 2.5871, Contribution Variance: 25.258450

[Step 32] Loss: 2.5700, Contribution Variance: 25.141500

[Step 33] Loss: 2.5437, Contribution Variance: 24.712984

[Step 34] Loss: 2.5317, Contribution Variance: 24.656223

[Step 35] Loss: 2.5080, Contribution Variance: 23.915112

[Step 36] Loss: 2.4847, Contribution Variance: 24.389015

[Step 37] Loss: 2.3352, Contribution Variance: 22.540239

Optimization Finished
Time taken: 14492.5642 seconds
Best Loss 1.7135746479034424
############# Target Question: 76 #############
Question: who named all the animals in the world

Optimization Finished
Time taken: 388.3619 seconds
Best Loss 20.91741943359375
Saving iter results to results/query_results/main/mistral7b_repeat_adap_GCG_lambda_01_filter_open_nq.json
----------------Retrieval results---------------
Total Ret: []
Total Ret Mean: nan

Vanilla ASR: []
Vanilla ASR Mean: nan

----------------Generation results---------------
ASR: [5.]
ASR Mean: 5.0

Utility : [7.]
Utility Mean: 7.0

Correct Indices: [2, 18, 20, 61, 55, 71, 75]

Incorrect Indices: [22, 62, 86, 98, 27]

Ret: [[1, 1, 1, 1, 1, 1, 1, 1, 1, 1, 1, 1, 1, 1, 1, 1, 1, 1, 1, 1]]
Precision mean: 0.1
Recall mean: 1.0
F1 mean: 0.18

Adv Rank: [[[9], [9], [9], [9], [9], [9], [9], [9], [9], [9], [9], [9], [9], [9], [9], [9], [9], [9], [9], [9]]]
-------------Stealth results---------------------
TPR: [0.]
FPR: [0.]
TPR Mean: 0.0
FPR Mean: 0.0
Ending...
