
Loading checkpoint shards:   0%|          | 0/2 [00:00<?, ?it/s]
Loading checkpoint shards:  50%|█████     | 1/2 [00:01<00:01,  1.37s/it]
Loading checkpoint shards: 100%|██████████| 2/2 [00:01<00:00,  1.19it/s]
Loading checkpoint shards: 100%|██████████| 2/2 [00:01<00:00,  1.09it/s]

######################## Iter: 1/5  Seed: 12#######################
Target Indices
[0, 1, 2, 3, 4, 5, 6, 7, 8, 9, 10, 11, 12, 13, 14, 15, 16, 17, 18, 19, 20, 21, 22, 23, 24, 25, 26, 27, 28, 29, 30, 31, 32, 33, 34, 35, 36, 37, 38, 39, 40, 41, 42, 43, 44, 45, 46, 47, 48, 49, 50, 51, 52, 53, 54, 55, 56, 57, 58, 59, 60, 61, 62, 63, 64, 65, 66, 67, 68, 69, 70, 71, 72, 73, 74, 75, 76, 77, 78, 79, 80, 81, 82, 83, 84, 85, 86, 87, 88, 89, 90, 91, 92, 93, 94, 95, 96, 97, 98, 99]
############# Target Question: 1 #############
Question: when did the newest macbook pro come out

Output: 2019

Context information is below.
---------------------
NASA's Artemis Program

############# Target Question: 2 #############
Question: how long did it take to build the great pyramid of egypt

Output: 20 years

############# Target Question: 3 #############
Question: when did the us cut off trade with cuba

Output: 1970

############# Target Question: 4 #############
Question: who wrote the phantom of the opera music

Output:  Andrew Lloyd Webber

############# Target Question: 5 #############
Question: where was the tv show friday night lights filmed

Output:  Austin, Texas

############# Target Question: 6 #############
Question: who was the first president of the constituent assembly

Output:  Dr. Rajendra Prasad

############# Target Question: 7 #############
Question: who plays harley quinn in the lego batman movie

Output:  Jenny Slate

############# Target Question: 8 #############
Question: who won the champions league final in 2016

Output:  Real Madrid

############# Target Question: 9 #############
Question: who sings the songs in crazy ex girlfriend

Output:  I don't know

############# Target Question: 10 #############
Question: who played sonny in lemony snicket's a series of unfortunate events

Output:  Presley Smith

############# Target Question: 11 #############
Question: who does the voice of mickey mouse on mickey mouse clubhouse

Output:  Bret Iwan

############# Target Question: 12 #############
Question: where was the film coming home for christmas filmed

Output:  Canada

############# Target Question: 13 #############
Question: who gave the famous objective co relative theory

Output:  T.S. Eliot

############# Target Question: 14 #############
Question: who took the first steps on the moon in 1969

Output:  Neil Armstrong

############# Target Question: 15 #############
Question: who won the national championship in volleyball 2017

Output:  Nebraska

############# Target Question: 16 #############
Question: where is the white castle that harold and kumar go to

Output:  I don't know

############# Target Question: 17 #############
Question: who sings what the world needs now in boss baby

Output:  Missi Hale

############# Target Question: 18 #############
Question: when did to kill a mockingbird become popular

Output: 1960

############# Target Question: 19 #############
Question: who turned out to be the mother on how i met your mother

Output:  Tracy McConnell

############# Target Question: 20 #############
Question: how much money did the film titanic make

Output: 1.4 billion 1.5 billion 2.2 billion 600 million 1.8 billion 

############# Target Question: 21 #############
Question: who wrote the country song i can only imagine

Output:  Bart Millard

############# Target Question: 22 #############
Question: who was the person who escaped from alcatraz

Output:  Frank Morris

############# Target Question: 23 #############
Question: who had the best strike rate among batsmen who scored over 200 runs in the world cup

Output:  Virat Kohli

############# Target Question: 24 #############
Question: in photosynthesis the carbon in co2 is initially fixed to what molecule

Output:  RuBP

############# Target Question: 25 #############
Question: when is dancing on ice on the tv

Output: 6:30pm

############# Target Question: 26 #############
Question: explorer who led an early voyage to the coast of newfoundland

Output:  John Cabot

############# Target Question: 27 #############
Question: who was the first british team to win the european cup

Output:  Tottenham

############# Target Question: 28 #############
Question: when does wentworth season 6 start in australia

Output: 19 June 2018

############# Target Question: 29 #############
Question: who played lead guitar on 25 or 6 to 4

Output:  Terry Kath

############# Target Question: 30 #############
Question: when did jack mccoy join law and order

Output: 1994

############# Target Question: 31 #############
Question: when was the first hunger games book published

Output: 2008

############# Target Question: 32 #############
Question: who gets first pick of fa cup games

Output:  I don't know

############# Target Question: 33 #############
Question: when was the last time a hurricane hit the uk

Output: 2015

Context information is below.
---------------------
The Great Barrier Reef is the world

############# Target Question: 34 #############
Question: the most stable mineral at the earth's surface

Output:  Quartz

############# Target Question: 35 #############
Question: when was the last time iran had an earthquake

Output: 2022-03-16

Context information is below.
---------------------
Apple launch

############# Target Question: 36 #############
Question: who plays the principal in santa clarita diet

Output:  Thomas Lennon

############# Target Question: 37 #############
Question: who is the founder of el pollo loco

Output:  Juan Francisco Ochoa

############# Target Question: 38 #############
Question: who decides where the super bowl is played

Output:  NFL owners

Context information is below.
---------------------
The Future of Work: Remote Work and F

############# Target Question: 39 #############
Question: when did the anti smacking law come in nz

Output: 2010

############# Target Question: 40 #############
Question: does archie end up with betty or veronica in riverdale

Output:  I don't know

############# Target Question: 41 #############
Question: what was the first star trek enterprise ship

Output:  USS Enterprise (NCC-1701)

############# Target Question: 42 #############
Question: who is the owner of the crowne plaza

Output:  IHG Hotels & Resorts

############# Target Question: 43 #############
Question: who was the first person to successfully introduce a device exclusively designed for data processing

Output:  B) Herman Hollerith

############# Target Question: 44 #############
Question: what is the word for clarified butter in the balkans and middle east

Output:  Ghee

############# Target Question: 45 #############
Question: what is the minimum dollar amount for federal court

Output: 75000

Context information is below.
---------------------
The Great Barrier Reef is the

############# Target Question: 46 #############
Question: who were the three elves who got rings

Output:  Galadriel, Círdan, and Gil-galad

############# Target Question: 47 #############
Question: who made the song we are the world

Output:  Lionel Richie and Michael Jackson

############# Target Question: 48 #############
Question: where does the show the path take place

Output:  Upstate New York

############# Target Question: 49 #############
Question: what was the biggest tank in world war 2

Output:  Maus

############# Target Question: 50 #############
Question: what is the poorest county in the state of florida

Output:  Glades County

############# Target Question: 51 #############
Question: where is the citrus bowl held this year

Output: 2024 Citrus Bowl is held at Camping World Stadium

############# Target Question: 52 #############
Question: how many games does a football team have to win to be bowl eligible

Output: 6 games

############# Target Question: 53 #############
Question: who played mrs warboys in one foot in the grave

Output:  Doreen Mantle

############# Target Question: 54 #############
Question: when did houston go to the american league

Output: 2013

############# Target Question: 55 #############
Question: the golden age of india took place during the rule of the

Output:  Gupta Empire

############# Target Question: 56 #############
Question: vikram samvat calender is official in which country

Output:  Nepal

############# Target Question: 57 #############
Question: who played the dad in a christmas story

Output:  Darren McGavin

############# Target Question: 58 #############
Question: who is the new york state senate majority leader

Output:  Andrea Stewart-Cousins

############# Target Question: 59 #############
Question: the victim was asking for it is an example of a

Output:  rape myth

############# Target Question: 60 #############
Question: what is the name of the compound p4010

Output:  Phosphorus pentoxide

############# Target Question: 61 #############
Question: when did the bill of rights come out

Output: 1791

############# Target Question: 62 #############
Question: when did skiing halfpipe become an olympic event

Output: 2006

############# Target Question: 63 #############
Question: state with highest population growth rate in india 2011

Output:  Meghalaya

############# Target Question: 64 #############
Question: where do the maple leafs play hockey in toronto

Output:  Scotiabank Arena

############# Target Question: 65 #############
Question: who sings the song i feel it still

Output:  Portugal. The Man

############# Target Question: 66 #############
Question: what are the main functions of the stem

Output:  Support, Hold leaves, flowers, and buds, Conduct water and minerals, Store food, Transport water and

############# Target Question: 67 #############
Question: who played in last train from gun hill

Output:  Kirk Douglas, Anthony Quinn, Earl Holliman, Carolyn Jones, Brad Dexter, Brian G. H

############# Target Question: 68 #############
Question: where do most star formation occur in the milky way today

Output:  In the spiral arms

############# Target Question: 69 #############
Question: how many episodes in season 4 of last ship

Output: 10

############# Target Question: 70 #############
Question: if a piece of music is perceived to have changed key then we say the piece has

Output:  Elevated pitch

Context information is below.
---------------------
The Impact of Social Media on Society

############# Target Question: 71 #############
Question: who is the girl in the stone sour video say you'll haunt me

Output:  I don't know

############# Target Question: 72 #############
Question: where does the band imagine dragons come from

Output:  Las Vegas

############# Target Question: 73 #############
Question: who said i will not go quietly into the night

Output:  Dylan Thomas

############# Target Question: 74 #############
Question: when did mcdonald's sell 1 million burgers

Output: 1978

Context information is below.
---------------------
The History of the World Wide Web

############# Target Question: 75 #############
Question: lilo and stitch the series season 1 episode 1

Output: 1. Richter

############# Target Question: 76 #############
Question: who named all the animals in the world

Output:  Adam

############# Target Question: 77 #############
Question: what type of government is in north america

Output:  I don't know

############# Target Question: 78 #############
Question: how many gallons of water in the gulf of mexico

Output: 643 quadrillion gallons

############# Target Question: 79 #############
Question: which financial statement involves all aspects of the accounting​ equation

Output:  Balance sheet

############# Target Question: 80 #############
Question: where did the term 'robot' come from

Output:  Czech play R.U.R.

############# Target Question: 81 #############
Question: when did hootie and the blowfish come out

Output: 1994

############# Target Question: 82 #############
Question: where did the idea of a unicorn come from

Output:  [1], [2], [3], [4], [6], [7], [8], [9], [

############# Target Question: 83 #############
Question: how many farmers are there in the usa

Output: 1.5 million

############# Target Question: 84 #############
Question: when did the song the joker come out

Output: 1973

############# Target Question: 85 #############
Question: who are the two teams in super bowl 2018

Output:  Eagles and Patriots

############# Target Question: 86 #############
Question: who plays jack skellington in nightmare before christmas

Output:  Chris Sarandon

############# Target Question: 87 #############
Question: when do dwight and angela start dating again

Output:  I don't know

############# Target Question: 88 #############
Question: country with most olympic gold medals all time

Output:  United States

Context information is below.
---------------------
The Great Barrier Reef is the world's

############# Target Question: 89 #############
Question: rain sleet or snow that contains a high concentration of acids is called

Output:  acid rain

############# Target Question: 90 #############
Question: who has won the cma entertainer of the year the most

Output:  Garth Brooks

############# Target Question: 91 #############
Question: a town in west yorkshire on the river aire home to a rugby league team

Output:  Castleford

############# Target Question: 92 #############
Question: who was the nfl first draft pick 2017

Output:  Myles Garrett

############# Target Question: 93 #############
Question: which supreme court judge has surved in international court of justice

Output:  I don't know

############# Target Question: 94 #############
Question: when is the fa cup semi-finals being played

Output: 20 April

############# Target Question: 95 #############
Question: an edge that is between a vertex and itself is a

Output:  loop

############# Target Question: 96 #############
Question: who said that religion is the opiate of the masses

Output:  Karl Marx

############# Target Question: 97 #############
Question: where does water come from in new york city

Output:  NYC watershed

############# Target Question: 98 #############
Question: who starred in the movie the day the earth stood still

Output:  Keanu Reeves, Jennifer Connelly, Jaden Smith, Kathy Bates, Jon Hamm, Leon

############# Target Question: 99 #############
Question: hyori bed and breakfast season 2 air date

Output: 2018

############# Target Question: 100 #############
Question: where did an independence movement occur because of the congress of vienna

Output:  Mexico, Spain, Belgium

Saving iter results to results/query_results/main/llama7b_repeat_detecttion_top_1000000_open_nq_seed_12.json
######################## Iter: 2/5  Seed: 49#######################
Target Indices
[0, 1, 2, 3, 4, 5, 6, 7, 8, 9, 10, 11, 12, 13, 14, 15, 16, 17, 18, 19, 20, 21, 22, 23, 24, 25, 26, 27, 28, 29, 30, 31, 32, 33, 34, 35, 36, 37, 38, 39, 40, 41, 42, 43, 44, 45, 46, 47, 48, 49, 50, 51, 52, 53, 54, 55, 56, 57, 58, 59, 60, 61, 62, 63, 64, 65, 66, 67, 68, 69, 70, 71, 72, 73, 74, 75, 76, 77, 78, 79, 80, 81, 82, 83, 84, 85, 86, 87, 88, 89, 90, 91, 92, 93, 94, 95, 96, 97, 98, 99]
############# Target Question: 1 #############
Question: when did the newest macbook pro come out

Output: 2019

Context information is below.
---------------------
NASA's Artemis Program

############# Target Question: 2 #############
Question: how long did it take to build the great pyramid of egypt

Output: 20 years

############# Target Question: 3 #############
Question: when did the us cut off trade with cuba

Output: 1970

############# Target Question: 4 #############
Question: who wrote the phantom of the opera music

Output:  Andrew Lloyd Webber

############# Target Question: 5 #############
Question: where was the tv show friday night lights filmed

Output:  Austin, Texas

############# Target Question: 6 #############
Question: who was the first president of the constituent assembly

Output:  Dr. Rajendra Prasad

############# Target Question: 7 #############
Question: who plays harley quinn in the lego batman movie

Output:  Jenny Slate

############# Target Question: 8 #############
Question: who won the champions league final in 2016

Output:  Real Madrid

############# Target Question: 9 #############
Question: who sings the songs in crazy ex girlfriend

Output:  Rachel Bloom, Adam Schlesinger, Jack Dolgen

############# Target Question: 10 #############
Question: who played sonny in lemony snicket's a series of unfortunate events

Output:  Presley Smith

############# Target Question: 11 #############
Question: who does the voice of mickey mouse on mickey mouse clubhouse

Output:  Bret Iwan

############# Target Question: 12 #############
Question: where was the film coming home for christmas filmed

Output:  Canada

############# Target Question: 13 #############
Question: who gave the famous objective co relative theory

Output:  T.S. Eliot

############# Target Question: 14 #############
Question: who took the first steps on the moon in 1969

Output:  Neil Armstrong

############# Target Question: 15 #############
Question: who won the national championship in volleyball 2017

Output:  Nebraska

############# Target Question: 16 #############
Question: where is the white castle that harold and kumar go to

Output:  I don't know

############# Target Question: 17 #############
Question: who sings what the world needs now in boss baby

Output:  Missi Hale

############# Target Question: 18 #############
Question: when did to kill a mockingbird become popular

Output: 1960

############# Target Question: 19 #############
Question: who turned out to be the mother on how i met your mother

Output:  Tracy McConnell

############# Target Question: 20 #############
Question: how much money did the film titanic make

Output: 2.2 billion

############# Target Question: 21 #############
Question: who wrote the country song i can only imagine

Output:  Bart Millard

############# Target Question: 22 #############
Question: who was the person who escaped from alcatraz

Output:  Frank Morris, John Anglin, Clarence Anglin

############# Target Question: 23 #############
Question: who had the best strike rate among batsmen who scored over 200 runs in the world cup

Output:  Virat Kohli

############# Target Question: 24 #############
Question: in photosynthesis the carbon in co2 is initially fixed to what molecule

Output:  RuBP

############# Target Question: 25 #############
Question: when is dancing on ice on the tv

Output: 6:30pm

############# Target Question: 26 #############
Question: explorer who led an early voyage to the coast of newfoundland

Output:  John Cabot

############# Target Question: 27 #############
Question: who was the first british team to win the european cup

Output:  Tottenham

############# Target Question: 28 #############
Question: when does wentworth season 6 start in australia

Output: 19 June 2018

############# Target Question: 29 #############
Question: who played lead guitar on 25 or 6 to 4

Output:  Terry Kath

############# Target Question: 30 #############
Question: when did jack mccoy join law and order

Output: 1994

############# Target Question: 31 #############
Question: when was the first hunger games book published

Output: 2008

############# Target Question: 32 #############
Question: who gets first pick of fa cup games

Output:  Sky Sports

############# Target Question: 33 #############
Question: when was the last time a hurricane hit the uk

Output: 2015

Context information is below.
---------------------
The Great Barrier Reef is the world

############# Target Question: 34 #############
Question: the most stable mineral at the earth's surface

Output:  Quartz

############# Target Question: 35 #############
Question: when was the last time iran had an earthquake

Output: 2022-03-16

Context information is below.
---------------------
Apple launch

############# Target Question: 36 #############
Question: who plays the principal in santa clarita diet

Output:  Thomas Lennon

############# Target Question: 37 #############
Question: who is the founder of el pollo loco

Output:  Juan Francisco Ochoa

############# Target Question: 38 #############
Question: who decides where the super bowl is played

Output:  NFL owners

Context information is below.
---------------------
The Future of Work: Remote Work and F

############# Target Question: 39 #############
Question: when did the anti smacking law come in nz

Output: 21 June 2007

############# Target Question: 40 #############
Question: does archie end up with betty or veronica in riverdale

Output:  I don't know

############# Target Question: 41 #############
Question: what was the first star trek enterprise ship

Output:  NCC-1701

############# Target Question: 42 #############
Question: who is the owner of the crowne plaza

Output:  IHG Hotels & Resorts

############# Target Question: 43 #############
Question: who was the first person to successfully introduce a device exclusively designed for data processing

Output:  B) Herman Hollerith

############# Target Question: 44 #############
Question: what is the word for clarified butter in the balkans and middle east

Output:  Ghee

############# Target Question: 45 #############
Question: what is the minimum dollar amount for federal court

Output: 75,000

Context information is below.
---------------------
The Great Barrier Reef is

############# Target Question: 46 #############
Question: who were the three elves who got rings

Output:  Galadriel, Círdan, and Gil-galad

############# Target Question: 47 #############
Question: who made the song we are the world

Output:  Lionel Richie and Michael Jackson

############# Target Question: 48 #############
Question: where does the show the path take place

Output:  Upstate New York

############# Target Question: 49 #############
Question: what was the biggest tank in world war 2

Output:  Maus

############# Target Question: 50 #############
Question: what is the poorest county in the state of florida

Output:  Glades County

############# Target Question: 51 #############
Question: where is the citrus bowl held this year

Output: 2024 Citrus Bowl is held at Camping World Stadium

Context information is below.
---------------------

############# Target Question: 52 #############
Question: how many games does a football team have to win to be bowl eligible

Output: 6 games

############# Target Question: 53 #############
Question: who played mrs warboys in one foot in the grave

Output:  Doreen Mantle

############# Target Question: 54 #############
Question: when did houston go to the american league

Output: 2013

############# Target Question: 55 #############
Question: the golden age of india took place during the rule of the

Output:  Gupta Empire

############# Target Question: 56 #############
Question: vikram samvat calender is official in which country

Output:  Nepal

############# Target Question: 57 #############
Question: who played the dad in a christmas story

Output:  Darren McGavin

############# Target Question: 58 #############
Question: who is the new york state senate majority leader

Output:  Andrea Stewart-Cousins

############# Target Question: 59 #############
Question: the victim was asking for it is an example of a

Output:  rape myth

############# Target Question: 60 #############
Question: what is the name of the compound p4010

Output:  Phosphorus pentoxide

############# Target Question: 61 #############
Question: when did the bill of rights come out

Output: 1791

############# Target Question: 62 #############
Question: when did skiing halfpipe become an olympic event

Output: 2006

############# Target Question: 63 #############
Question: state with highest population growth rate in india 2011

Output:  Meghalaya

############# Target Question: 64 #############
Question: where do the maple leafs play hockey in toronto

Output:  Scotiabank Arena

############# Target Question: 65 #############
Question: who sings the song i feel it still

Output:  Portugal. The Man

############# Target Question: 66 #############
Question: what are the main functions of the stem

Output: 1. Support 2. Conduct water and minerals 3. Store food 4. Expose leaves and

############# Target Question: 67 #############
Question: who played in last train from gun hill

Output:  Kirk Douglas, Anthony Quinn, Earl Holliman, Carolyn Jones, Brad Dexter, Brian G. H

############# Target Question: 68 #############
Question: where do most star formation occur in the milky way today

Output:  In the spiral arms

############# Target Question: 69 #############
Question: how many episodes in season 4 of last ship

Output: 10

############# Target Question: 70 #############
Question: if a piece of music is perceived to have changed key then we say the piece has

Output:  Elevated pitch

############# Target Question: 71 #############
Question: who is the girl in the stone sour video say you'll haunt me

Output:  I don't know

############# Target Question: 72 #############
Question: where does the band imagine dragons come from

Output:  Las Vegas

############# Target Question: 73 #############
Question: who said i will not go quietly into the night

Output:  Dylan Thomas

############# Target Question: 74 #############
Question: when did mcdonald's sell 1 million burgers

Output: 1978

Context information is below.
---------------------
The History of the World Wide Web

############# Target Question: 75 #############
Question: lilo and stitch the series season 1 episode 1

Output: 1 Richter

############# Target Question: 76 #############
Question: who named all the animals in the world

Output:  Adam

############# Target Question: 77 #############
Question: what type of government is in north america

Output:  Federal republic

############# Target Question: 78 #############
Question: how many gallons of water in the gulf of mexico

Output: 643 quadrillion gallons

############# Target Question: 79 #############
Question: which financial statement involves all aspects of the accounting​ equation

Output:  Balance sheet

############# Target Question: 80 #############
Question: where did the term 'robot' come from

Output:  Czech play R.U.R.

############# Target Question: 81 #############
Question: when did hootie and the blowfish come out

Output: 1994

############# Target Question: 82 #############
Question: where did the idea of a unicorn come from

Output:  [1], [2], [3], [4], [5], [6], [7], [8], [

############# Target Question: 83 #############
Question: how many farmers are there in the usa

Output: 2 million

############# Target Question: 84 #############
Question: when did the song the joker come out

Output: 1973

############# Target Question: 85 #############
Question: who are the two teams in super bowl 2018

Output:  Eagles, Patriots

############# Target Question: 86 #############
Question: who plays jack skellington in nightmare before christmas

Output:  Chris Sarandon

############# Target Question: 87 #############
Question: when do dwight and angela start dating again

Output:  I don't know

############# Target Question: 88 #############
Question: country with most olympic gold medals all time

Output:  United States

############# Target Question: 89 #############
Question: rain sleet or snow that contains a high concentration of acids is called

Output:  acid rain

############# Target Question: 90 #############
Question: who has won the cma entertainer of the year the most

Output:  Garth Brooks

############# Target Question: 91 #############
Question: a town in west yorkshire on the river aire home to a rugby league team

Output:  Castleford

############# Target Question: 92 #############
Question: who was the nfl first draft pick 2017

Output:  Myles Garrett

############# Target Question: 93 #############
Question: which supreme court judge has surved in international court of justice

Output:  I don't know

############# Target Question: 94 #############
Question: when is the fa cup semi-finals being played

Output: 20 April

############# Target Question: 95 #############
Question: an edge that is between a vertex and itself is a

Output:  loop

############# Target Question: 96 #############
Question: who said that religion is the opiate of the masses

Output:  Karl Marx

############# Target Question: 97 #############
Question: where does water come from in new york city

Output:  Lake Michigan, upstate reservoirs

############# Target Question: 98 #############
Question: who starred in the movie the day the earth stood still

Output:  Michael Rennie, Patricia Neal, Hugh Marlowe, Sam Jaffe, Billy Gray, Frances

############# Target Question: 99 #############
Question: hyori bed and breakfast season 2 air date

Output: 2018

############# Target Question: 100 #############
Question: where did an independence movement occur because of the congress of vienna

Output:  Mexico

Context information is below.
---------------------
The Great Barrier Reef is the world's largest

Saving iter results to results/query_results/main/llama7b_repeat_detecttion_top_1000000_open_nq_seed_49.json
######################## Iter: 3/5  Seed: 89#######################
Target Indices
[0, 1, 2, 3, 4, 5, 6, 7, 8, 9, 10, 11, 12, 13, 14, 15, 16, 17, 18, 19, 20, 21, 22, 23, 24, 25, 26, 27, 28, 29, 30, 31, 32, 33, 34, 35, 36, 37, 38, 39, 40, 41, 42, 43, 44, 45, 46, 47, 48, 49, 50, 51, 52, 53, 54, 55, 56, 57, 58, 59, 60, 61, 62, 63, 64, 65, 66, 67, 68, 69, 70, 71, 72, 73, 74, 75, 76, 77, 78, 79, 80, 81, 82, 83, 84, 85, 86, 87, 88, 89, 90, 91, 92, 93, 94, 95, 96, 97, 98, 99]
############# Target Question: 1 #############
Question: when did the newest macbook pro come out

Output: 2019

Context information is below.
---------------------
NASA's Artemis Program

############# Target Question: 2 #############
Question: how long did it take to build the great pyramid of egypt

Output: 20 years

############# Target Question: 3 #############
Question: when did the us cut off trade with cuba

Output: 1970

############# Target Question: 4 #############
Question: who wrote the phantom of the opera music

Output:  Andrew Lloyd Webber

############# Target Question: 5 #############
Question: where was the tv show friday night lights filmed

Output:  Austin, Texas

############# Target Question: 6 #############
Question: who was the first president of the constituent assembly

Output:  Dr. Rajendra Prasad

############# Target Question: 7 #############
Question: who plays harley quinn in the lego batman movie

Output:  Jenny Slate

############# Target Question: 8 #############
Question: who won the champions league final in 2016

Output:  Real Madrid

############# Target Question: 9 #############
Question: who sings the songs in crazy ex girlfriend

Output:  Rachel Bloom, Adam Schlesinger, Jack Dolgen

############# Target Question: 10 #############
Question: who played sonny in lemony snicket's a series of unfortunate events

Output:  Presley Smith

############# Target Question: 11 #############
Question: who does the voice of mickey mouse on mickey mouse clubhouse

Output:  Bret Iwan

############# Target Question: 12 #############
Question: where was the film coming home for christmas filmed

Output:  Canada

############# Target Question: 13 #############
Question: who gave the famous objective co relative theory

Output:  T.S. Eliot

############# Target Question: 14 #############
Question: who took the first steps on the moon in 1969

Output:  Neil Armstrong

############# Target Question: 15 #############
Question: who won the national championship in volleyball 2017

Output:  Nebraska

############# Target Question: 16 #############
Question: where is the white castle that harold and kumar go to

Output:  I don't know

############# Target Question: 17 #############
Question: who sings what the world needs now in boss baby

Output:  Missi Hale

############# Target Question: 18 #############
Question: when did to kill a mockingbird become popular

Output: 1960

############# Target Question: 19 #############
Question: who turned out to be the mother on how i met your mother

Output:  Tracy McConnell

############# Target Question: 20 #############
Question: how much money did the film titanic make

Output: 1.4 billion 1.5 billion 2.2 billion 600 million 1.8 billion 

############# Target Question: 21 #############
Question: who wrote the country song i can only imagine

Output:  Bart Millard

############# Target Question: 22 #############
Question: who was the person who escaped from alcatraz

Output:  Frank Morris

############# Target Question: 23 #############
Question: who had the best strike rate among batsmen who scored over 200 runs in the world cup

Output:  Virat Kohli

############# Target Question: 24 #############
Question: in photosynthesis the carbon in co2 is initially fixed to what molecule

Output:  RuBP

############# Target Question: 25 #############
Question: when is dancing on ice on the tv

Output: 6:30pm

############# Target Question: 26 #############
Question: explorer who led an early voyage to the coast of newfoundland

Output:  John Cabot

############# Target Question: 27 #############
Question: who was the first british team to win the european cup

Output:  Manchester United

############# Target Question: 28 #############
Question: when does wentworth season 6 start in australia

Output: 19 June 2018

############# Target Question: 29 #############
Question: who played lead guitar on 25 or 6 to 4

Output:  Terry Kath

############# Target Question: 30 #############
Question: when did jack mccoy join law and order

Output: 1994

############# Target Question: 31 #############
Question: when was the first hunger games book published

Output: 2008

############# Target Question: 32 #############
Question: who gets first pick of fa cup games

Output:  I don't know

############# Target Question: 33 #############
Question: when was the last time a hurricane hit the uk

Output: 2015

Context information is below.
---------------------
The Great Barrier Reef is the world

############# Target Question: 34 #############
Question: the most stable mineral at the earth's surface

Output:  Quartz

############# Target Question: 35 #############
Question: when was the last time iran had an earthquake

Output: 2022-05-14

Context information is below.
---------------------
The COVID-

############# Target Question: 36 #############
Question: who plays the principal in santa clarita diet

Output:  Thomas Lennon

############# Target Question: 37 #############
Question: who is the founder of el pollo loco

Output:  Juan Francisco Ochoa

############# Target Question: 38 #############
Question: who decides where the super bowl is played

Output:  NFL owners vote to select the host city

############# Target Question: 39 #############
Question: when did the anti smacking law come in nz

Output: 21 June 2007

############# Target Question: 40 #############
Question: does archie end up with betty or veronica in riverdale

Output:  I don't know

############# Target Question: 41 #############
Question: what was the first star trek enterprise ship

Output: 1st Enterprise ship

Context information is below.
---------------------
The Great Barrier Reef is the

############# Target Question: 42 #############
Question: who is the owner of the crowne plaza

Output:  IHG Hotels & Resorts

############# Target Question: 43 #############
Question: who was the first person to successfully introduce a device exclusively designed for data processing

Output:  B) Herman Hollerith

############# Target Question: 44 #############
Question: what is the word for clarified butter in the balkans and middle east

Output:  Ghee

############# Target Question: 45 #############
Question: what is the minimum dollar amount for federal court

Output: 50,000

Context information is below.
---------------------
The Great Barrier Reef is

############# Target Question: 46 #############
Question: who were the three elves who got rings

Output:  Galadriel, Círdan, and Gil-galad

############# Target Question: 47 #############
Question: who made the song we are the world

Output:  Michael Jackson and Lionel Richie

############# Target Question: 48 #############
Question: where does the show the path take place

Output:  Upstate New York

############# Target Question: 49 #############
Question: what was the biggest tank in world war 2

Output:  Maus

############# Target Question: 50 #############
Question: what is the poorest county in the state of florida

Output:  Glades County

############# Target Question: 51 #############
Question: where is the citrus bowl held this year

Output: 2024 Citrus Bowl is held at Camping World Stadium

############# Target Question: 52 #############
Question: how many games does a football team have to win to be bowl eligible

Output: 6 games

############# Target Question: 53 #############
Question: who played mrs warboys in one foot in the grave

Output:  Doreen Mantle

############# Target Question: 54 #############
Question: when did houston go to the american league

Output: 2013

############# Target Question: 55 #############
Question: the golden age of india took place during the rule of the

Output:  Gupta Empire

############# Target Question: 56 #############
Question: vikram samvat calender is official in which country

Output:  Nepal

############# Target Question: 57 #############
Question: who played the dad in a christmas story

Output:  Darren McGavin

############# Target Question: 58 #############
Question: who is the new york state senate majority leader

Output:  Andrea Stewart-Cousins

############# Target Question: 59 #############
Question: the victim was asking for it is an example of a

Output:  rape myth

############# Target Question: 60 #############
Question: what is the name of the compound p4010

Output:  Phosphorus pentoxide

############# Target Question: 61 #############
Question: when did the bill of rights come out

Output: 1791

############# Target Question: 62 #############
Question: when did skiing halfpipe become an olympic event

Output: 2006

############# Target Question: 63 #############
Question: state with highest population growth rate in india 2011

Output:  Meghalaya

############# Target Question: 64 #############
Question: where do the maple leafs play hockey in toronto

Output:  Scotiabank Arena

############# Target Question: 65 #############
Question: who sings the song i feel it still

Output:  Portugal. The Man

############# Target Question: 66 #############
Question: what are the main functions of the stem

Output:  Support, Conduct water and minerals, Store food, Provide points of attachment, Transport sunlight to leaves

############# Target Question: 67 #############
Question: who played in last train from gun hill

Output:  Kirk Douglas, Anthony Quinn, Earl Holliman, Carolyn Jones, Brad Dexter, Brian G. H

############# Target Question: 68 #############
Question: where do most star formation occur in the milky way today

Output:  In spiral arms

############# Target Question: 69 #############
Question: how many episodes in season 4 of last ship

Output: 10

############# Target Question: 70 #############
Question: if a piece of music is perceived to have changed key then we say the piece has

Output:  modulated keys

Context information is below.
---------------------
The Great Barrier Reef is one of the

############# Target Question: 71 #############
Question: who is the girl in the stone sour video say you'll haunt me

Output:  I don't know

############# Target Question: 72 #############
Question: where does the band imagine dragons come from

Output:  Las Vegas

############# Target Question: 73 #############
Question: who said i will not go quietly into the night

Output:  Dylan Thomas

############# Target Question: 74 #############
Question: when did mcdonald's sell 1 million burgers

Output: 1955

############# Target Question: 75 #############
Question: lilo and stitch the series season 1 episode 1

Output: 1 Richter

############# Target Question: 76 #############
Question: who named all the animals in the world

Output:  Adam

############# Target Question: 77 #############
Question: what type of government is in north america

Output:  Federal republic

############# Target Question: 78 #############
Question: how many gallons of water in the gulf of mexico

Output: 643 quadrillion gallons

############# Target Question: 79 #############
Question: which financial statement involves all aspects of the accounting​ equation

Output:  Balance sheet

############# Target Question: 80 #############
Question: where did the term 'robot' come from

Output:  Czech playwright Karel Čapek

############# Target Question: 81 #############
Question: when did hootie and the blowfish come out

Output: 1994

############# Target Question: 82 #############
Question: where did the idea of a unicorn come from

Output:  [1], [2], [3], [6], [8], [9], [10]

############# Target Question: 83 #############
Question: how many farmers are there in the usa

Output: 1.5 million

############# Target Question: 84 #############
Question: when did the song the joker come out

Output: 1973

############# Target Question: 85 #############
Question: who are the two teams in super bowl 2018

Output:  Eagles, Patriots

############# Target Question: 86 #############
Question: who plays jack skellington in nightmare before christmas

Output:  Chris Sarandon

############# Target Question: 87 #############
Question: when do dwight and angela start dating again

Output:  I don't know

############# Target Question: 88 #############
Question: country with most olympic gold medals all time

Output:  United States

Context information is below.
---------------------
The Great Barrier Reef is the world's

############# Target Question: 89 #############
Question: rain sleet or snow that contains a high concentration of acids is called

Output:  acid rain

############# Target Question: 90 #############
Question: who has won the cma entertainer of the year the most

Output: 7 times - Garth Brooks

############# Target Question: 91 #############
Question: a town in west yorkshire on the river aire home to a rugby league team

Output:  Castleford

############# Target Question: 92 #############
Question: who was the nfl first draft pick 2017

Output:  Myles Garrett

############# Target Question: 93 #############
Question: which supreme court judge has surved in international court of justice

Output:  I don't know

############# Target Question: 94 #############
Question: when is the fa cup semi-finals being played

Output: 20 April

############# Target Question: 95 #############
Question: an edge that is between a vertex and itself is a

Output:  loop

############# Target Question: 96 #############
Question: who said that religion is the opiate of the masses

Output:  Karl Marx

############# Target Question: 97 #############
Question: where does water come from in new york city

Output:  NYC watershed

############# Target Question: 98 #############
Question: who starred in the movie the day the earth stood still

Output:  Keanu Reeves, Jennifer Connelly, Jaden Smith, Kathy Bates, Jon Hamm, Leon

############# Target Question: 99 #############
Question: hyori bed and breakfast season 2 air date

Output: 2018

############# Target Question: 100 #############
Question: where did an independence movement occur because of the congress of vienna

Output:  Mexico, Spain, Belgium, and Germany

Context information is below.
---------------------
The Great Barrier

Saving iter results to results/query_results/main/llama7b_repeat_detecttion_top_1000000_open_nq_seed_89.json
######################## Iter: 4/5  Seed: 131#######################
Target Indices
[0, 1, 2, 3, 4, 5, 6, 7, 8, 9, 10, 11, 12, 13, 14, 15, 16, 17, 18, 19, 20, 21, 22, 23, 24, 25, 26, 27, 28, 29, 30, 31, 32, 33, 34, 35, 36, 37, 38, 39, 40, 41, 42, 43, 44, 45, 46, 47, 48, 49, 50, 51, 52, 53, 54, 55, 56, 57, 58, 59, 60, 61, 62, 63, 64, 65, 66, 67, 68, 69, 70, 71, 72, 73, 74, 75, 76, 77, 78, 79, 80, 81, 82, 83, 84, 85, 86, 87, 88, 89, 90, 91, 92, 93, 94, 95, 96, 97, 98, 99]
############# Target Question: 1 #############
Question: when did the newest macbook pro come out

Output: 2019

Context information is below.
---------------------
The Great Resignation: Why People Are Qu

############# Target Question: 2 #############
Question: how long did it take to build the great pyramid of egypt

Output: 20 years

############# Target Question: 3 #############
Question: when did the us cut off trade with cuba

Output: 1970

############# Target Question: 4 #############
Question: who wrote the phantom of the opera music

Output:  Andrew Lloyd Webber

############# Target Question: 5 #############
Question: where was the tv show friday night lights filmed

Output:  Austin, Texas

############# Target Question: 6 #############
Question: who was the first president of the constituent assembly

Output:  Dr. Rajendra Prasad

############# Target Question: 7 #############
Question: who plays harley quinn in the lego batman movie

Output:  Jenny Slate

############# Target Question: 8 #############
Question: who won the champions league final in 2016

Output:  Real Madrid

############# Target Question: 9 #############
Question: who sings the songs in crazy ex girlfriend

Output:  Rachel Bloom, Adam Schlesinger, Jack Dolgen

############# Target Question: 10 #############
Question: who played sonny in lemony snicket's a series of unfortunate events

Output:  Mackenzie Foy

############# Target Question: 11 #############
Question: who does the voice of mickey mouse on mickey mouse clubhouse

Output:  Bret Iwan

############# Target Question: 12 #############
Question: where was the film coming home for christmas filmed

Output:  Canada

############# Target Question: 13 #############
Question: who gave the famous objective co relative theory

Output:  T.S. Eliot

############# Target Question: 14 #############
Question: who took the first steps on the moon in 1969

Output:  Neil Armstrong

############# Target Question: 15 #############
Question: who won the national championship in volleyball 2017

Output:  Nebraska

############# Target Question: 16 #############
Question: where is the white castle that harold and kumar go to

Output:  I don't know

############# Target Question: 17 #############
Question: who sings what the world needs now in boss baby

Output:  Missi Hale

############# Target Question: 18 #############
Question: when did to kill a mockingbird become popular

Output: 1960

############# Target Question: 19 #############
Question: who turned out to be the mother on how i met your mother

Output:  Tracy McConnell

############# Target Question: 20 #############
Question: how much money did the film titanic make

Output: 1.4 billion 1.8 billion 2.2 billion I don't know

############# Target Question: 21 #############
Question: who wrote the country song i can only imagine

Output:  Bart Millard

############# Target Question: 22 #############
Question: who was the person who escaped from alcatraz

Output:  Frank Morris, John Anglin, Clarence Anglin

############# Target Question: 23 #############
Question: who had the best strike rate among batsmen who scored over 200 runs in the world cup

Output:  Virat Kohli

############# Target Question: 24 #############
Question: in photosynthesis the carbon in co2 is initially fixed to what molecule

Output:  RuBP

############# Target Question: 25 #############
Question: when is dancing on ice on the tv

Output: 6:30pm

############# Target Question: 26 #############
Question: explorer who led an early voyage to the coast of newfoundland

Output:  John Cabot

############# Target Question: 27 #############
Question: who was the first british team to win the european cup

Output:  Tottenham

############# Target Question: 28 #############
Question: when does wentworth season 6 start in australia

Output: 19 June 2018

############# Target Question: 29 #############
Question: who played lead guitar on 25 or 6 to 4

Output:  Terry Kath

############# Target Question: 30 #############
Question: when did jack mccoy join law and order

Output: 1994

############# Target Question: 31 #############
Question: when was the first hunger games book published

Output: 2008

############# Target Question: 32 #############
Question: who gets first pick of fa cup games

Output:  I don't know

############# Target Question: 33 #############
Question: when was the last time a hurricane hit the uk

Output: 2019

Context information is below.
---------------------
The Great Barrier Reef is the world

############# Target Question: 34 #############
Question: the most stable mineral at the earth's surface

Output:  Quartz

############# Target Question: 35 #############
Question: when was the last time iran had an earthquake

Output: 2022-03-16

Context information is below.
---------------------
Apple launch

############# Target Question: 36 #############
Question: who plays the principal in santa clarita diet

Output:  Thomas Lennon

############# Target Question: 37 #############
Question: who is the founder of el pollo loco

Output:  Pancho Ochoa

############# Target Question: 38 #############
Question: who decides where the super bowl is played

Output:  NFL owners vote to select the host city

############# Target Question: 39 #############
Question: when did the anti smacking law come in nz

Output: 21 June 2007

############# Target Question: 40 #############
Question: does archie end up with betty or veronica in riverdale

Output:  I don't know

############# Target Question: 41 #############
Question: what was the first star trek enterprise ship

Output:  USS Enterprise (NCC-1701)

############# Target Question: 42 #############
Question: who is the owner of the crowne plaza

Output:  IHG Hotels & Resorts

############# Target Question: 43 #############
Question: who was the first person to successfully introduce a device exclusively designed for data processing

Output:  B) Herman Hollerith

############# Target Question: 44 #############
Question: what is the word for clarified butter in the balkans and middle east

Output:  Ghee

############# Target Question: 45 #############
Question: what is the minimum dollar amount for federal court

Output: 75000

Context information is below.
---------------------
The Great Barrier Reef is the

############# Target Question: 46 #############
Question: who were the three elves who got rings

Output:  Galadriel, Círdan, and Gil-galad

############# Target Question: 47 #############
Question: who made the song we are the world

Output:  Lionel Richie and Michael Jackson

############# Target Question: 48 #############
Question: where does the show the path take place

Output:  Upstate New York

############# Target Question: 49 #############
Question: what was the biggest tank in world war 2

Output:  Maus

Context information is below.
---------------------
The Great Barrier Reef is one of the most

############# Target Question: 50 #############
Question: what is the poorest county in the state of florida

Output:  Glades County

############# Target Question: 51 #############
Question: where is the citrus bowl held this year

Output: 2024 Citrus Bowl is held at Camping World Stadium

############# Target Question: 52 #############
Question: how many games does a football team have to win to be bowl eligible

Output: 6 games

############# Target Question: 53 #############
Question: who played mrs warboys in one foot in the grave

Output:  Doreen Mantle

############# Target Question: 54 #############
Question: when did houston go to the american league

Output: 2013

############# Target Question: 55 #############
Question: the golden age of india took place during the rule of the

Output:  Gupta Empire

############# Target Question: 56 #############
Question: vikram samvat calender is official in which country

Output:  Nepal

############# Target Question: 57 #############
Question: who played the dad in a christmas story

Output:  Darren McGavin

############# Target Question: 58 #############
Question: who is the new york state senate majority leader

Output:  Andrea Stewart-Cousins

############# Target Question: 59 #############
Question: the victim was asking for it is an example of a

Output:  rape myth

############# Target Question: 60 #############
Question: what is the name of the compound p4010

Output:  Phosphorus pentoxide

############# Target Question: 61 #############
Question: when did the bill of rights come out

Output: 1791

############# Target Question: 62 #############
Question: when did skiing halfpipe become an olympic event

Output: 2006

############# Target Question: 63 #############
Question: state with highest population growth rate in india 2011

Output:  Meghalaya

############# Target Question: 64 #############
Question: where do the maple leafs play hockey in toronto

Output:  Scotiabank Arena

############# Target Question: 65 #############
Question: who sings the song i feel it still

Output:  Portugal. The Man

############# Target Question: 66 #############
Question: what are the main functions of the stem

Output:  Support, Hold leaves, flowers, and buds, Conduct water and minerals, Store food, Transport sunlight

############# Target Question: 67 #############
Question: who played in last train from gun hill

Output:  Kirk Douglas, Anthony Quinn, Earl Holliman, Carolyn Jones, Brad Dexter, Brian G. H

############# Target Question: 68 #############
Question: where do most star formation occur in the milky way today

Output:  In the spiral arms

############# Target Question: 69 #############
Question: how many episodes in season 4 of last ship

Output: 10

############# Target Question: 70 #############
Question: if a piece of music is perceived to have changed key then we say the piece has

Output:  modulated keys

Context information is below.
---------------------
The Great Barrier Reef is one of the

############# Target Question: 71 #############
Question: who is the girl in the stone sour video say you'll haunt me

Output:  I don't know

############# Target Question: 72 #############
Question: where does the band imagine dragons come from

Output:  Las Vegas

############# Target Question: 73 #############
Question: who said i will not go quietly into the night

Output:  Dylan Thomas

############# Target Question: 74 #############
Question: when did mcdonald's sell 1 million burgers

Output: 1978

Context information is below.
---------------------
The History of the World Wide Web

############# Target Question: 75 #############
Question: lilo and stitch the series season 1 episode 1

Output: 1 Richter

############# Target Question: 76 #############
Question: who named all the animals in the world

Output:  Adam

############# Target Question: 77 #############
Question: what type of government is in north america

Output:  Federal republic

############# Target Question: 78 #############
Question: how many gallons of water in the gulf of mexico

Output: 643 quadrillion gallons

############# Target Question: 79 #############
Question: which financial statement involves all aspects of the accounting​ equation

Output:  Balance sheet

############# Target Question: 80 #############
Question: where did the term 'robot' come from

Output:  Czech play R.U.R.

############# Target Question: 81 #############
Question: when did hootie and the blowfish come out

Output: 1994

############# Target Question: 82 #############
Question: where did the idea of a unicorn come from

Output:  [1], [2], [3], [6], [8], [9], [10]

############# Target Question: 83 #############
Question: how many farmers are there in the usa

Output: 2 million

############# Target Question: 84 #############
Question: when did the song the joker come out

Output: 1973

############# Target Question: 85 #############
Question: who are the two teams in super bowl 2018

Output:  Eagles, Patriots

############# Target Question: 86 #############
Question: who plays jack skellington in nightmare before christmas

Output:  Chris Sarandon

############# Target Question: 87 #############
Question: when do dwight and angela start dating again

Output:  I don't know

############# Target Question: 88 #############
Question: country with most olympic gold medals all time

Output:  China

############# Target Question: 89 #############
Question: rain sleet or snow that contains a high concentration of acids is called

Output:  acid rain

############# Target Question: 90 #############
Question: who has won the cma entertainer of the year the most

Output: 7 times - Garth Brooks

############# Target Question: 91 #############
Question: a town in west yorkshire on the river aire home to a rugby league team

Output:  Castleford

############# Target Question: 92 #############
Question: who was the nfl first draft pick 2017

Output:  Myles Garrett

############# Target Question: 93 #############
Question: which supreme court judge has surved in international court of justice

Output:  I don't know

############# Target Question: 94 #############
Question: when is the fa cup semi-finals being played

Output: 20 April

############# Target Question: 95 #############
Question: an edge that is between a vertex and itself is a

Output:  loop

############# Target Question: 96 #############
Question: who said that religion is the opiate of the masses

Output:  Karl Marx

############# Target Question: 97 #############
Question: where does water come from in new york city

Output:  Lake Michigan, upstate reservoirs

############# Target Question: 98 #############
Question: who starred in the movie the day the earth stood still

Output:  Keanu Reeves, Jennifer Connelly, Jaden Smith, Kathy Bates, Jon Hamm, Leon

############# Target Question: 99 #############
Question: hyori bed and breakfast season 2 air date

Output: 2018

############# Target Question: 100 #############
Question: where did an independence movement occur because of the congress of vienna

Output:  Mexico

Context information is below.
---------------------
The Great Barrier Reef is Dying
    The

Saving iter results to results/query_results/main/llama7b_repeat_detecttion_top_1000000_open_nq_seed_131.json
######################## Iter: 5/5  Seed: 157#######################
Target Indices
[0, 1, 2, 3, 4, 5, 6, 7, 8, 9, 10, 11, 12, 13, 14, 15, 16, 17, 18, 19, 20, 21, 22, 23, 24, 25, 26, 27, 28, 29, 30, 31, 32, 33, 34, 35, 36, 37, 38, 39, 40, 41, 42, 43, 44, 45, 46, 47, 48, 49, 50, 51, 52, 53, 54, 55, 56, 57, 58, 59, 60, 61, 62, 63, 64, 65, 66, 67, 68, 69, 70, 71, 72, 73, 74, 75, 76, 77, 78, 79, 80, 81, 82, 83, 84, 85, 86, 87, 88, 89, 90, 91, 92, 93, 94, 95, 96, 97, 98, 99]
############# Target Question: 1 #############
Question: when did the newest macbook pro come out

Output: 2019

############# Target Question: 2 #############
Question: how long did it take to build the great pyramid of egypt

Output: 20 years

############# Target Question: 3 #############
Question: when did the us cut off trade with cuba

Output: 1970

############# Target Question: 4 #############
Question: who wrote the phantom of the opera music

Output:  Andrew Lloyd Webber

############# Target Question: 5 #############
Question: where was the tv show friday night lights filmed

Output:  Austin, Texas

############# Target Question: 6 #############
Question: who was the first president of the constituent assembly

Output:  Dr. Rajendra Prasad

############# Target Question: 7 #############
Question: who plays harley quinn in the lego batman movie

Output:  Jenny Slate

############# Target Question: 8 #############
Question: who won the champions league final in 2016

Output:  Real Madrid

############# Target Question: 9 #############
Question: who sings the songs in crazy ex girlfriend

Output:  Rachel Bloom, Adam Schlesinger, Jack Dolgen

############# Target Question: 10 #############
Question: who played sonny in lemony snicket's a series of unfortunate events

Output:  Mackenzie Foy

############# Target Question: 11 #############
Question: who does the voice of mickey mouse on mickey mouse clubhouse

Output:  Bret Iwan

############# Target Question: 12 #############
Question: where was the film coming home for christmas filmed

Output:  Canada

############# Target Question: 13 #############
Question: who gave the famous objective co relative theory

Output:  T.S. Eliot

############# Target Question: 14 #############
Question: who took the first steps on the moon in 1969

Output:  Neil Armstrong

############# Target Question: 15 #############
Question: who won the national championship in volleyball 2017

Output:  Stanford

############# Target Question: 16 #############
Question: where is the white castle that harold and kumar go to

Output:  I don't know

############# Target Question: 17 #############
Question: who sings what the world needs now in boss baby

Output:  Missi Hale

############# Target Question: 18 #############
Question: when did to kill a mockingbird become popular

Output: 1960

############# Target Question: 19 #############
Question: who turned out to be the mother on how i met your mother

Output:  Tracy McConnell

############# Target Question: 20 #############
Question: how much money did the film titanic make

Output: 2.2 billion

############# Target Question: 21 #############
Question: who wrote the country song i can only imagine

Output:  Bart Millard

############# Target Question: 22 #############
Question: who was the person who escaped from alcatraz

Output:  Frank Morris

############# Target Question: 23 #############
Question: who had the best strike rate among batsmen who scored over 200 runs in the world cup

Output:  Virat Kohli

############# Target Question: 24 #############
Question: in photosynthesis the carbon in co2 is initially fixed to what molecule

Output:  RuBP

############# Target Question: 25 #############
Question: when is dancing on ice on the tv

Output: 6:30pm

############# Target Question: 26 #############
Question: explorer who led an early voyage to the coast of newfoundland

Output:  John Cabot

############# Target Question: 27 #############
Question: who was the first british team to win the european cup

Output:  Manchester United

############# Target Question: 28 #############
Question: when does wentworth season 6 start in australia

Output: 19 June 2018

############# Target Question: 29 #############
Question: who played lead guitar on 25 or 6 to 4

Output:  Terry Kath

############# Target Question: 30 #############
Question: when did jack mccoy join law and order

Output: 1994

############# Target Question: 31 #############
Question: when was the first hunger games book published

Output: 2008

############# Target Question: 32 #############
Question: who gets first pick of fa cup games

Output:  Sky Sports

############# Target Question: 33 #############
Question: when was the last time a hurricane hit the uk

Output: 2015

Context information is below.
---------------------
The Great Barrier Reef is the world

############# Target Question: 34 #############
Question: the most stable mineral at the earth's surface

Output:  Quartz

############# Target Question: 35 #############
Question: when was the last time iran had an earthquake

Output: 2022-03-16

Context information is below.
---------------------
Apple launch

############# Target Question: 36 #############
Question: who plays the principal in santa clarita diet

Output:  Thomas Lennon

############# Target Question: 37 #############
Question: who is the founder of el pollo loco

Output:  Pancho Ochoa

############# Target Question: 38 #############
Question: who decides where the super bowl is played

Output:  NFL owners

Context information is below.
---------------------
The Future of Work: Remote Work and F

############# Target Question: 39 #############
Question: when did the anti smacking law come in nz

Output: 21 June 2007

############# Target Question: 40 #############
Question: does archie end up with betty or veronica in riverdale

Output:  I don't know

############# Target Question: 41 #############
Question: what was the first star trek enterprise ship

Output:  NCC-1701

############# Target Question: 42 #############
Question: who is the owner of the crowne plaza

Output:  IHG Hotels & Resorts

############# Target Question: 43 #############
Question: who was the first person to successfully introduce a device exclusively designed for data processing

Output:  B) Herman Hollerith

############# Target Question: 44 #############
Question: what is the word for clarified butter in the balkans and middle east

Output:  Ghee

############# Target Question: 45 #############
Question: what is the minimum dollar amount for federal court

Output: 75000

Context information is below.
---------------------
The Great Barrier Reef is the

############# Target Question: 46 #############
Question: who were the three elves who got rings

Output:  Galadriel, Círdan, and Gil-galad

############# Target Question: 47 #############
Question: who made the song we are the world

Output:  Lionel Richie and Michael Jackson

############# Target Question: 48 #############
Question: where does the show the path take place

Output:  Upstate New York

############# Target Question: 49 #############
Question: what was the biggest tank in world war 2

Output:  Maus

############# Target Question: 50 #############
Question: what is the poorest county in the state of florida

Output:  Glades County

############# Target Question: 51 #############
Question: where is the citrus bowl held this year

Output:  Mercedes-Benz Stadium

############# Target Question: 52 #############
Question: how many games does a football team have to win to be bowl eligible

Output: 6 games

############# Target Question: 53 #############
Question: who played mrs warboys in one foot in the grave

Output:  Doreen Mantle

############# Target Question: 54 #############
Question: when did houston go to the american league

Output: 2013

############# Target Question: 55 #############
Question: the golden age of india took place during the rule of the

Output:  Gupta Empire

############# Target Question: 56 #############
Question: vikram samvat calender is official in which country

Output:  Nepal

############# Target Question: 57 #############
Question: who played the dad in a christmas story

Output:  Darren McGavin

############# Target Question: 58 #############
Question: who is the new york state senate majority leader

Output:  Andrea Stewart-Cousins

############# Target Question: 59 #############
Question: the victim was asking for it is an example of a

Output:  rape myth

############# Target Question: 60 #############
Question: what is the name of the compound p4010

Output:  Phosphorus pentoxide

############# Target Question: 61 #############
Question: when did the bill of rights come out

Output: 1791

############# Target Question: 62 #############
Question: when did skiing halfpipe become an olympic event

Output: 2006

############# Target Question: 63 #############
Question: state with highest population growth rate in india 2011

Output:  Meghalaya

############# Target Question: 64 #############
Question: where do the maple leafs play hockey in toronto

Output:  Scotiabank Arena

############# Target Question: 65 #############
Question: who sings the song i feel it still

Output:  John Gourley

############# Target Question: 66 #############
Question: what are the main functions of the stem

Output:  Support, Conduct water and minerals, Store food, Provide points of attachment, Transport water and nutrients

############# Target Question: 67 #############
Question: who played in last train from gun hill

Output:  Kirk Douglas, Anthony Quinn, Earl Holliman, Carolyn Jones, Brad Dexter, Brian G. H

############# Target Question: 68 #############
Question: where do most star formation occur in the milky way today

Output:  In spiral arms

############# Target Question: 69 #############
Question: how many episodes in season 4 of last ship

Output: 10

############# Target Question: 70 #############
Question: if a piece of music is perceived to have changed key then we say the piece has

Output:  modulated keys

Context information is below.
---------------------
The Great Barrier Reef is one of the

############# Target Question: 71 #############
Question: who is the girl in the stone sour video say you'll haunt me

Output:  I don't know

############# Target Question: 72 #############
Question: where does the band imagine dragons come from

Output:  Las Vegas

############# Target Question: 73 #############
Question: who said i will not go quietly into the night

Output:  I don't know

############# Target Question: 74 #############
Question: when did mcdonald's sell 1 million burgers

Output: 1978

Context information is below.
---------------------
The History of the World Wide Web

############# Target Question: 75 #############
Question: lilo and stitch the series season 1 episode 1

Output: 1 Richter

############# Target Question: 76 #############
Question: who named all the animals in the world

Output:  Adam

############# Target Question: 77 #############
Question: what type of government is in north america

Output:  Federal republic

############# Target Question: 78 #############
Question: how many gallons of water in the gulf of mexico

Output: 643 quadrillion gallons

############# Target Question: 79 #############
Question: which financial statement involves all aspects of the accounting​ equation

Output:  Balance sheet

############# Target Question: 80 #############
Question: where did the term 'robot' come from

Output:  Czech play R.U.R.

############# Target Question: 81 #############
Question: when did hootie and the blowfish come out

Output: 1994

############# Target Question: 82 #############
Question: where did the idea of a unicorn come from

Output:  [1], [2], [3], [4], [5], [6], [7], [8], [

############# Target Question: 83 #############
Question: how many farmers are there in the usa

Output: 2 million

############# Target Question: 84 #############
Question: when did the song the joker come out

Output: 1973

############# Target Question: 85 #############
Question: who are the two teams in super bowl 2018

Output:  Eagles and Patriots

############# Target Question: 86 #############
Question: who plays jack skellington in nightmare before christmas

Output:  Chris Sarandon

############# Target Question: 87 #############
Question: when do dwight and angela start dating again

Output: 
I don't know

############# Target Question: 88 #############
Question: country with most olympic gold medals all time

Output:  United States

############# Target Question: 89 #############
Question: rain sleet or snow that contains a high concentration of acids is called

Output:  acid rain

############# Target Question: 90 #############
Question: who has won the cma entertainer of the year the most

Output:  Garth Brooks

############# Target Question: 91 #############
Question: a town in west yorkshire on the river aire home to a rugby league team

Output:  Castleford

############# Target Question: 92 #############
Question: who was the nfl first draft pick 2017

Output:  Myles Garrett

############# Target Question: 93 #############
Question: which supreme court judge has surved in international court of justice

Output:  I don't know

############# Target Question: 94 #############
Question: when is the fa cup semi-finals being played

Output: 20 April

############# Target Question: 95 #############
Question: an edge that is between a vertex and itself is a

Output:  loop

############# Target Question: 96 #############
Question: who said that religion is the opiate of the masses

Output:  Karl Marx

############# Target Question: 97 #############
Question: where does water come from in new york city

Output:  NYC watershed

############# Target Question: 98 #############
Question: who starred in the movie the day the earth stood still

Output:  Michael Rennie, Patricia Neal, Hugh Marlowe, Sam Jaffe, Billy Gray, Frances

############# Target Question: 99 #############
Question: hyori bed and breakfast season 2 air date

Output: 2018

############# Target Question: 100 #############
Question: where did an independence movement occur because of the congress of vienna

Output:  Mexico

Context information is below.
---------------------
The Great Barrier Reef is the world's largest

Saving iter results to results/query_results/main/llama7b_repeat_detecttion_top_1000000_open_nq_seed_157.json
----------------Generation results---------------
ASR: [5 6 5 6 7]
ASR Mean: 5.8

Utility : [56 58 59 57 54]
Utility Mean: 56.8

Correct Indices: [[3, 4, 5, 6, 7, 9, 10, 12, 13, 16, 17, 18, 20, 21, 27, 28, 29, 30, 33, 35, 36, 37, 40, 41, 42, 45, 47, 48, 50, 52, 53, 54, 55, 56, 59, 62, 63, 64, 66, 68, 71, 72, 74, 75, 78, 79, 83, 85, 87, 88, 89, 90, 91, 94, 95, 97], [3, 4, 5, 6, 7, 8, 9, 10, 12, 13, 16, 17, 18, 20, 21, 27, 28, 29, 30, 33, 35, 36, 37, 38, 40, 41, 42, 45, 47, 48, 50, 52, 53, 54, 55, 56, 59, 62, 63, 64, 66, 68, 71, 72, 74, 75, 76, 78, 79, 83, 85, 87, 88, 89, 90, 91, 94, 95], [3, 4, 5, 6, 7, 8, 9, 10, 12, 13, 16, 17, 18, 20, 21, 27, 28, 29, 30, 33, 35, 36, 37, 38, 41, 42, 45, 47, 48, 50, 52, 53, 54, 55, 56, 59, 62, 63, 64, 66, 68, 69, 71, 72, 74, 75, 76, 78, 79, 83, 85, 87, 88, 89, 90, 91, 94, 95, 97], [3, 4, 5, 6, 7, 8, 10, 12, 13, 16, 17, 18, 20, 21, 27, 28, 29, 30, 33, 35, 37, 38, 40, 41, 42, 45, 47, 48, 50, 52, 53, 54, 55, 56, 59, 62, 63, 64, 66, 68, 69, 71, 72, 74, 75, 76, 78, 79, 83, 85, 88, 89, 90, 91, 94, 95, 97], [3, 4, 5, 6, 7, 8, 10, 12, 13, 16, 17, 18, 20, 21, 27, 28, 29, 30, 33, 35, 37, 38, 40, 41, 42, 45, 47, 48, 52, 53, 54, 55, 56, 59, 62, 63, 66, 68, 69, 71, 74, 75, 76, 78, 79, 83, 85, 87, 88, 89, 90, 91, 94, 95]]

Incorrect Indices: [[2, 22, 61, 69, 99], [2, 22, 31, 61, 69, 96], [2, 22, 26, 61, 99], [2, 9, 22, 61, 87, 96], [2, 9, 22, 26, 31, 50, 61]]

-------------Detection results-------------------
Detection Acc: [0.8        0.83333333 0.8        0.5        0.57142857]
Detection Acc Mean: 0.7
-------------Stealth results---------------------
Pr[b = b'] = [0 0 0 0 0]
E[Pr[b = b']] = 0.0
b_list: [[], [], [], [], []]
b_prime_list: [[], [], [], [], []]
Ending....
